{"/home/fma1/FullstackAcademy/silikon-road/server/api/products.spec.js":{"path":"/home/fma1/FullstackAcademy/silikon-road/server/api/products.spec.js","statementMap":{"0":{"start":{"line":4,"column":15},"end":{"line":4,"column":30}},"1":{"start":{"line":5,"column":13},"end":{"line":5,"column":28}},"2":{"start":{"line":7,"column":14},"end":{"line":7,"column":34}},"3":{"start":{"line":9,"column":9},"end":{"line":9,"column":25}},"4":{"start":{"line":11,"column":10},"end":{"line":11,"column":29}},"5":{"start":{"line":13,"column":14},"end":{"line":13,"column":33}},"6":{"start":{"line":14,"column":0},"end":{"line":52,"column":3}},"7":{"start":{"line":15,"column":2},"end":{"line":19,"column":5}},"8":{"start":{"line":16,"column":4},"end":{"line":18,"column":7}},"9":{"start":{"line":20,"column":13},"end":{"line":20,"column":26}},"10":{"start":{"line":21,"column":14},"end":{"line":21,"column":15}},"11":{"start":{"line":22,"column":17},"end":{"line":22,"column":70}},"12":{"start":{"line":23,"column":20},"end":{"line":23,"column":41}},"13":{"start":{"line":24,"column":2},"end":{"line":51,"column":5}},"14":{"start":{"line":25,"column":4},"end":{"line":32,"column":7}},"15":{"start":{"line":26,"column":6},"end":{"line":31,"column":9}},"16":{"start":{"line":33,"column":4},"end":{"line":41,"column":7}},"17":{"start":{"line":34,"column":6},"end":{"line":40,"column":9}},"18":{"start":{"line":35,"column":8},"end":{"line":35,"column":43}},"19":{"start":{"line":36,"column":8},"end":{"line":36,"column":51}},"20":{"start":{"line":37,"column":8},"end":{"line":37,"column":53}},"21":{"start":{"line":38,"column":8},"end":{"line":38,"column":59}},"22":{"start":{"line":39,"column":8},"end":{"line":39,"column":65}},"23":{"start":{"line":42,"column":4},"end":{"line":50,"column":7}},"24":{"start":{"line":43,"column":6},"end":{"line":49,"column":9}},"25":{"start":{"line":44,"column":8},"end":{"line":44,"column":44}},"26":{"start":{"line":45,"column":8},"end":{"line":45,"column":48}},"27":{"start":{"line":46,"column":8},"end":{"line":46,"column":50}},"28":{"start":{"line":47,"column":8},"end":{"line":47,"column":56}},"29":{"start":{"line":48,"column":8},"end":{"line":48,"column":62}}},"fnMap":{"0":{"name":"(anonymous_0)","decl":{"start":{"line":14,"column":27},"end":{"line":14,"column":28}},"loc":{"start":{"line":14,"column":39},"end":{"line":52,"column":1}},"line":14},"1":{"name":"(anonymous_1)","decl":{"start":{"line":15,"column":13},"end":{"line":15,"column":14}},"loc":{"start":{"line":15,"column":25},"end":{"line":19,"column":3}},"line":15},"2":{"name":"(anonymous_2)","decl":{"start":{"line":24,"column":29},"end":{"line":24,"column":30}},"loc":{"start":{"line":24,"column":41},"end":{"line":51,"column":3}},"line":24},"3":{"name":"(anonymous_3)","decl":{"start":{"line":25,"column":15},"end":{"line":25,"column":16}},"loc":{"start":{"line":25,"column":27},"end":{"line":32,"column":5}},"line":25},"4":{"name":"(anonymous_4)","decl":{"start":{"line":33,"column":28},"end":{"line":33,"column":29}},"loc":{"start":{"line":33,"column":40},"end":{"line":41,"column":5}},"line":33},"5":{"name":"(anonymous_5)","decl":{"start":{"line":34,"column":64},"end":{"line":34,"column":65}},"loc":{"start":{"line":34,"column":79},"end":{"line":40,"column":7}},"line":34},"6":{"name":"(anonymous_6)","decl":{"start":{"line":42,"column":32},"end":{"line":42,"column":33}},"loc":{"start":{"line":42,"column":44},"end":{"line":50,"column":5}},"line":42},"7":{"name":"(anonymous_7)","decl":{"start":{"line":43,"column":66},"end":{"line":43,"column":67}},"loc":{"start":{"line":43,"column":81},"end":{"line":49,"column":7}},"line":43}},"branchMap":{},"s":{"0":1,"1":1,"2":1,"3":1,"4":1,"5":1,"6":1,"7":1,"8":2,"9":1,"10":1,"11":1,"12":1,"13":1,"14":1,"15":2,"16":1,"17":1,"18":1,"19":1,"20":1,"21":1,"22":1,"23":1,"24":1,"25":1,"26":1,"27":1,"28":1,"29":1},"f":{"0":1,"1":2,"2":1,"3":2,"4":1,"5":1,"6":1,"7":1},"b":{},"_coverageSchema":"332fd63041d2c1bcb487cc26dd0d5f7d97098a6c","hash":"0bac562c661f0e5f1300c650a02af429b7d748d2","contentHash":"b3afde4c444b7bf2e76288110a41d135_11.7.1"},"/home/fma1/FullstackAcademy/silikon-road/server/db/index.js":{"path":"/home/fma1/FullstackAcademy/silikon-road/server/db/index.js","statementMap":{"0":{"start":{"line":3,"column":9},"end":{"line":3,"column":24}},"1":{"start":{"line":6,"column":0},"end":{"line":6,"column":20}},"2":{"start":{"line":8,"column":0},"end":{"line":8,"column":20}}},"fnMap":{},"branchMap":{},"s":{"0":1,"1":1,"2":1},"f":{},"b":{},"_coverageSchema":"332fd63041d2c1bcb487cc26dd0d5f7d97098a6c","hash":"43c7147ec700403909802a83fd49d2ff137f962f","contentHash":"763cd9b023c999cff64d30b8f47800c6_11.7.1"},"/home/fma1/FullstackAcademy/silikon-road/server/db/db.js":{"path":"/home/fma1/FullstackAcademy/silikon-road/server/db/db.js","statementMap":{"0":{"start":{"line":3,"column":16},"end":{"line":3,"column":36}},"1":{"start":{"line":5,"column":10},"end":{"line":5,"column":39}},"2":{"start":{"line":7,"column":19},"end":{"line":7,"column":78}},"3":{"start":{"line":8,"column":9},"end":{"line":10,"column":2}},"4":{"start":{"line":11,"column":0},"end":{"line":11,"column":20}}},"fnMap":{},"branchMap":{"0":{"loc":{"start":{"line":7,"column":31},"end":{"line":7,"column":77}},"type":"cond-expr","locations":[{"start":{"line":7,"column":65},"end":{"line":7,"column":72}},{"start":{"line":7,"column":75},"end":{"line":7,"column":77}}],"line":7},"1":{"loc":{"start":{"line":8,"column":23},"end":{"line":8,"column":100}},"type":"binary-expr","locations":[{"start":{"line":8,"column":23},"end":{"line":8,"column":47}},{"start":{"line":8,"column":51},"end":{"line":8,"column":100}}],"line":8}},"s":{"0":1,"1":1,"2":1,"3":1,"4":1},"f":{},"b":{"0":[1,0],"1":[1,1]},"_coverageSchema":"332fd63041d2c1bcb487cc26dd0d5f7d97098a6c","hash":"09ab414965243fcb94cfab8985b548ba2bb70bf7","contentHash":"d2ffe0c2f7eed09b01c70aaacafd1565_11.7.1"},"/home/fma1/FullstackAcademy/silikon-road/server/db/models/index.js":{"path":"/home/fma1/FullstackAcademy/silikon-road/server/db/models/index.js","statementMap":{"0":{"start":{"line":3,"column":11},"end":{"line":3,"column":28}},"1":{"start":{"line":5,"column":14},"end":{"line":5,"column":34}},"2":{"start":{"line":7,"column":12},"end":{"line":7,"column":30}},"3":{"start":{"line":9,"column":19},"end":{"line":9,"column":45}},"4":{"start":{"line":11,"column":14},"end":{"line":11,"column":34}},"5":{"start":{"line":14,"column":0},"end":{"line":14,"column":22}},"6":{"start":{"line":15,"column":0},"end":{"line":15,"column":20}},"7":{"start":{"line":16,"column":0},"end":{"line":16,"column":25}},"8":{"start":{"line":17,"column":0},"end":{"line":17,"column":24}},"9":{"start":{"line":18,"column":0},"end":{"line":20,"column":3}},"10":{"start":{"line":21,"column":0},"end":{"line":23,"column":3}},"11":{"start":{"line":24,"column":0},"end":{"line":24,"column":24}},"12":{"start":{"line":32,"column":0},"end":{"line":38,"column":2}}},"fnMap":{},"branchMap":{},"s":{"0":1,"1":1,"2":1,"3":1,"4":1,"5":1,"6":1,"7":1,"8":1,"9":1,"10":1,"11":1,"12":1},"f":{},"b":{},"_coverageSchema":"332fd63041d2c1bcb487cc26dd0d5f7d97098a6c","hash":"acefcc02bc33f244ec066436089ac73695c8bf68","contentHash":"77c671949d2cad129bedeaf5f09e51f8_11.7.1"},"/home/fma1/FullstackAcademy/silikon-road/server/db/models/user.js":{"path":"/home/fma1/FullstackAcademy/silikon-road/server/db/models/user.js","statementMap":{"0":{"start":{"line":3,"column":13},"end":{"line":3,"column":30}},"1":{"start":{"line":5,"column":16},"end":{"line":5,"column":36}},"2":{"start":{"line":7,"column":9},"end":{"line":7,"column":25}},"3":{"start":{"line":9,"column":11},"end":{"line":55,"column":2}},"4":{"start":{"line":25,"column":18},"end":{"line":25,"column":22}},"5":{"start":{"line":27,"column":6},"end":{"line":29,"column":8}},"6":{"start":{"line":28,"column":8},"end":{"line":28,"column":46}},"7":{"start":{"line":37,"column":19},"end":{"line":37,"column":23}},"8":{"start":{"line":39,"column":6},"end":{"line":41,"column":8}},"9":{"start":{"line":40,"column":8},"end":{"line":40,"column":43}},"10":{"start":{"line":56,"column":0},"end":{"line":56,"column":22}},"11":{"start":{"line":61,"column":0},"end":{"line":63,"column":2}},"12":{"start":{"line":62,"column":2},"end":{"line":62,"column":77}},"13":{"start":{"line":69,"column":0},"end":{"line":71,"column":2}},"14":{"start":{"line":70,"column":2},"end":{"line":70,"column":51}},"15":{"start":{"line":73,"column":0},"end":{"line":75,"column":2}},"16":{"start":{"line":74,"column":2},"end":{"line":74,"column":86}},"17":{"start":{"line":81,"column":25},"end":{"line":86,"column":1}},"18":{"start":{"line":82,"column":2},"end":{"line":85,"column":3}},"19":{"start":{"line":83,"column":4},"end":{"line":83,"column":36}},"20":{"start":{"line":84,"column":4},"end":{"line":84,"column":71}},"21":{"start":{"line":88,"column":0},"end":{"line":88,"column":38}},"22":{"start":{"line":89,"column":0},"end":{"line":89,"column":38}}},"fnMap":{"0":{"name":"get","decl":{"start":{"line":24,"column":18},"end":{"line":24,"column":21}},"loc":{"start":{"line":24,"column":24},"end":{"line":30,"column":5}},"line":24},"1":{"name":"(anonymous_1)","decl":{"start":{"line":27,"column":13},"end":{"line":27,"column":14}},"loc":{"start":{"line":27,"column":25},"end":{"line":29,"column":7}},"line":27},"2":{"name":"get","decl":{"start":{"line":36,"column":18},"end":{"line":36,"column":21}},"loc":{"start":{"line":36,"column":24},"end":{"line":42,"column":5}},"line":36},"3":{"name":"(anonymous_3)","decl":{"start":{"line":39,"column":13},"end":{"line":39,"column":14}},"loc":{"start":{"line":39,"column":25},"end":{"line":41,"column":7}},"line":39},"4":{"name":"(anonymous_4)","decl":{"start":{"line":61,"column":33},"end":{"line":61,"column":34}},"loc":{"start":{"line":61,"column":57},"end":{"line":63,"column":1}},"line":61},"5":{"name":"(anonymous_5)","decl":{"start":{"line":69,"column":20},"end":{"line":69,"column":21}},"loc":{"start":{"line":69,"column":32},"end":{"line":71,"column":1}},"line":69},"6":{"name":"(anonymous_6)","decl":{"start":{"line":73,"column":23},"end":{"line":73,"column":24}},"loc":{"start":{"line":73,"column":50},"end":{"line":75,"column":1}},"line":73},"7":{"name":"setSaltAndPassword","decl":{"start":{"line":81,"column":34},"end":{"line":81,"column":52}},"loc":{"start":{"line":81,"column":59},"end":{"line":86,"column":1}},"line":81}},"branchMap":{"0":{"loc":{"start":{"line":82,"column":2},"end":{"line":85,"column":3}},"type":"if","locations":[{"start":{"line":82,"column":2},"end":{"line":85,"column":3}},{"start":{"line":82,"column":2},"end":{"line":85,"column":3}}],"line":82}},"s":{"0":1,"1":1,"2":1,"3":1,"4":4,"5":4,"6":4,"7":4,"8":4,"9":4,"10":1,"11":1,"12":2,"13":1,"14":2,"15":1,"16":4,"17":1,"18":3,"19":2,"20":2,"21":1,"22":1},"f":{"0":4,"1":4,"2":4,"3":4,"4":2,"5":2,"6":4,"7":3},"b":{"0":[2,1]},"_coverageSchema":"332fd63041d2c1bcb487cc26dd0d5f7d97098a6c","hash":"455701cc604cdaa6ad89d09dfcf39fb626522b85","contentHash":"3a1e78f89b67d57047e3ed831126df33_11.7.1"},"/home/fma1/FullstackAcademy/silikon-road/server/db/models/product.js":{"path":"/home/fma1/FullstackAcademy/silikon-road/server/db/models/product.js","statementMap":{"0":{"start":{"line":4,"column":16},"end":{"line":4,"column":36}},"1":{"start":{"line":6,"column":9},"end":{"line":6,"column":25}},"2":{"start":{"line":8,"column":14},"end":{"line":40,"column":2}},"3":{"start":{"line":29,"column":6},"end":{"line":36,"column":7}},"4":{"start":{"line":30,"column":26},"end":{"line":32,"column":10}},"5":{"start":{"line":31,"column":10},"end":{"line":31,"column":28}},"6":{"start":{"line":33,"column":8},"end":{"line":33,"column":47}},"7":{"start":{"line":35,"column":8},"end":{"line":35,"column":41}},"8":{"start":{"line":41,"column":0},"end":{"line":41,"column":25}}},"fnMap":{"0":{"name":"set","decl":{"start":{"line":28,"column":18},"end":{"line":28,"column":21}},"loc":{"start":{"line":28,"column":29},"end":{"line":37,"column":5}},"line":28},"1":{"name":"(anonymous_1)","decl":{"start":{"line":30,"column":47},"end":{"line":30,"column":48}},"loc":{"start":{"line":30,"column":62},"end":{"line":32,"column":9}},"line":30}},"branchMap":{"0":{"loc":{"start":{"line":29,"column":6},"end":{"line":36,"column":7}},"type":"if","locations":[{"start":{"line":29,"column":6},"end":{"line":36,"column":7}},{"start":{"line":29,"column":6},"end":{"line":36,"column":7}}],"line":29}},"s":{"0":1,"1":1,"2":1,"3":0,"4":0,"5":0,"6":0,"7":0,"8":1},"f":{"0":0,"1":0},"b":{"0":[0,0]},"_coverageSchema":"332fd63041d2c1bcb487cc26dd0d5f7d97098a6c","hash":"b1f4e521f12083c89b557d5cf49dac2355163dab","contentHash":"b777b27e3c44a16d74df23d0e422f6dc_11.7.1"},"/home/fma1/FullstackAcademy/silikon-road/server/db/models/order.js":{"path":"/home/fma1/FullstackAcademy/silikon-road/server/db/models/order.js","statementMap":{"0":{"start":{"line":3,"column":16},"end":{"line":3,"column":36}},"1":{"start":{"line":5,"column":9},"end":{"line":5,"column":25}},"2":{"start":{"line":7,"column":12},"end":{"line":12,"column":2}},"3":{"start":{"line":13,"column":0},"end":{"line":13,"column":23}}},"fnMap":{},"branchMap":{},"s":{"0":1,"1":1,"2":1,"3":1},"f":{},"b":{},"_coverageSchema":"332fd63041d2c1bcb487cc26dd0d5f7d97098a6c","hash":"6d7b4a020037e532fd739ceb9a9bb50039ae51c5","contentHash":"044902ae40a966be2c1ce77dc1b2e132_11.7.1"},"/home/fma1/FullstackAcademy/silikon-road/server/db/models/order_product.js":{"path":"/home/fma1/FullstackAcademy/silikon-road/server/db/models/order_product.js","statementMap":{"0":{"start":{"line":3,"column":16},"end":{"line":3,"column":36}},"1":{"start":{"line":5,"column":9},"end":{"line":5,"column":25}},"2":{"start":{"line":7,"column":19},"end":{"line":15,"column":2}},"3":{"start":{"line":16,"column":0},"end":{"line":16,"column":30}}},"fnMap":{},"branchMap":{},"s":{"0":1,"1":1,"2":1,"3":1},"f":{},"b":{},"_coverageSchema":"332fd63041d2c1bcb487cc26dd0d5f7d97098a6c","hash":"ccb76db516d998aa81fca615e70ab9b3dc99cf6d","contentHash":"b1874b403ca3afbf82d19b083ff34d45_11.7.1"},"/home/fma1/FullstackAcademy/silikon-road/server/db/models/address.js":{"path":"/home/fma1/FullstackAcademy/silikon-road/server/db/models/address.js","statementMap":{"0":{"start":{"line":3,"column":16},"end":{"line":3,"column":36}},"1":{"start":{"line":5,"column":9},"end":{"line":5,"column":25}},"2":{"start":{"line":7,"column":14},"end":{"line":27,"column":2}},"3":{"start":{"line":28,"column":0},"end":{"line":28,"column":25}}},"fnMap":{},"branchMap":{},"s":{"0":1,"1":1,"2":1,"3":1},"f":{},"b":{},"_coverageSchema":"332fd63041d2c1bcb487cc26dd0d5f7d97098a6c","hash":"7a5606e78f8a9f67e8a9a87b7ec6190febe363f0","contentHash":"3762fc7bd17b37be1209ae445ca047f8_11.7.1"},"/home/fma1/FullstackAcademy/silikon-road/server/index.js":{"path":"/home/fma1/FullstackAcademy/silikon-road/server/index.js","statementMap":{"0":{"start":{"line":6,"column":11},"end":{"line":6,"column":26}},"1":{"start":{"line":8,"column":14},"end":{"line":8,"column":32}},"2":{"start":{"line":10,"column":13},"end":{"line":10,"column":30}},"3":{"start":{"line":12,"column":17},"end":{"line":12,"column":39}},"4":{"start":{"line":14,"column":18},"end":{"line":14,"column":40}},"5":{"start":{"line":16,"column":14},"end":{"line":16,"column":40}},"6":{"start":{"line":18,"column":15},"end":{"line":18,"column":34}},"7":{"start":{"line":20,"column":21},"end":{"line":20,"column":72}},"8":{"start":{"line":22,"column":9},"end":{"line":22,"column":24}},"9":{"start":{"line":24,"column":19},"end":{"line":26,"column":2}},"10":{"start":{"line":27,"column":11},"end":{"line":27,"column":35}},"11":{"start":{"line":28,"column":10},"end":{"line":28,"column":19}},"12":{"start":{"line":30,"column":15},"end":{"line":30,"column":35}},"13":{"start":{"line":32,"column":0},"end":{"line":32,"column":21}},"14":{"start":{"line":42,"column":0},"end":{"line":42,"column":65}},"15":{"start":{"line":42,"column":43},"end":{"line":42,"column":65}},"16":{"start":{"line":44,"column":0},"end":{"line":46,"column":3}},"17":{"start":{"line":45,"column":2},"end":{"line":45,"column":29}},"18":{"start":{"line":47,"column":0},"end":{"line":59,"column":3}},"19":{"start":{"line":48,"column":2},"end":{"line":58,"column":17}},"20":{"start":{"line":57,"column":4},"end":{"line":57,"column":28}},"21":{"start":{"line":61,"column":16},"end":{"line":105,"column":1}},"22":{"start":{"line":63,"column":2},"end":{"line":63,"column":25}},"23":{"start":{"line":65,"column":2},"end":{"line":65,"column":29}},"24":{"start":{"line":66,"column":2},"end":{"line":68,"column":6}},"25":{"start":{"line":70,"column":2},"end":{"line":70,"column":25}},"26":{"start":{"line":72,"column":2},"end":{"line":77,"column":6}},"27":{"start":{"line":78,"column":2},"end":{"line":78,"column":33}},"28":{"start":{"line":79,"column":2},"end":{"line":79,"column":30}},"29":{"start":{"line":81,"column":2},"end":{"line":81,"column":38}},"30":{"start":{"line":82,"column":2},"end":{"line":82,"column":36}},"31":{"start":{"line":84,"column":2},"end":{"line":84,"column":64}},"32":{"start":{"line":86,"column":2},"end":{"line":94,"column":5}},"33":{"start":{"line":87,"column":4},"end":{"line":93,"column":5}},"34":{"start":{"line":88,"column":16},"end":{"line":88,"column":38}},"35":{"start":{"line":89,"column":6},"end":{"line":89,"column":23}},"36":{"start":{"line":90,"column":6},"end":{"line":90,"column":16}},"37":{"start":{"line":92,"column":6},"end":{"line":92,"column":13}},"38":{"start":{"line":96,"column":2},"end":{"line":98,"column":5}},"39":{"start":{"line":97,"column":4},"end":{"line":97,"column":66}},"40":{"start":{"line":100,"column":2},"end":{"line":104,"column":5}},"41":{"start":{"line":101,"column":4},"end":{"line":101,"column":23}},"42":{"start":{"line":102,"column":4},"end":{"line":102,"column":29}},"43":{"start":{"line":103,"column":4},"end":{"line":103,"column":80}},"44":{"start":{"line":107,"column":21},"end":{"line":116,"column":1}},"45":{"start":{"line":109,"column":15},"end":{"line":111,"column":4}},"46":{"start":{"line":110,"column":4},"end":{"line":110,"column":61}},"47":{"start":{"line":113,"column":11},"end":{"line":113,"column":27}},"48":{"start":{"line":115,"column":2},"end":{"line":115,"column":26}},"49":{"start":{"line":118,"column":13},"end":{"line":120,"column":1}},"50":{"start":{"line":119,"column":2},"end":{"line":119,"column":19}},"51":{"start":{"line":126,"column":0},"end":{"line":130,"column":1}},"52":{"start":{"line":127,"column":2},"end":{"line":127,"column":72}},"53":{"start":{"line":129,"column":2},"end":{"line":129,"column":14}}},"fnMap":{"0":{"name":"(anonymous_0)","decl":{"start":{"line":44,"column":23},"end":{"line":44,"column":24}},"loc":{"start":{"line":44,"column":45},"end":{"line":46,"column":1}},"line":44},"1":{"name":"(anonymous_1)","decl":{"start":{"line":47,"column":25},"end":{"line":47,"column":26}},"loc":{"start":{"line":47,"column":45},"end":{"line":59,"column":1}},"line":47},"2":{"name":"(anonymous_2)","decl":{"start":{"line":56,"column":10},"end":{"line":56,"column":11}},"loc":{"start":{"line":56,"column":26},"end":{"line":58,"column":3}},"line":56},"3":{"name":"createApp","decl":{"start":{"line":61,"column":25},"end":{"line":61,"column":34}},"loc":{"start":{"line":61,"column":37},"end":{"line":105,"column":1}},"line":61},"4":{"name":"(anonymous_4)","decl":{"start":{"line":86,"column":10},"end":{"line":86,"column":11}},"loc":{"start":{"line":86,"column":36},"end":{"line":94,"column":3}},"line":86},"5":{"name":"(anonymous_5)","decl":{"start":{"line":96,"column":15},"end":{"line":96,"column":16}},"loc":{"start":{"line":96,"column":35},"end":{"line":98,"column":3}},"line":96},"6":{"name":"(anonymous_6)","decl":{"start":{"line":100,"column":10},"end":{"line":100,"column":11}},"loc":{"start":{"line":100,"column":41},"end":{"line":104,"column":3}},"line":100},"7":{"name":"startListening","decl":{"start":{"line":107,"column":30},"end":{"line":107,"column":44}},"loc":{"start":{"line":107,"column":47},"end":{"line":116,"column":1}},"line":107},"8":{"name":"(anonymous_8)","decl":{"start":{"line":109,"column":32},"end":{"line":109,"column":33}},"loc":{"start":{"line":109,"column":44},"end":{"line":111,"column":3}},"line":109},"9":{"name":"syncDb","decl":{"start":{"line":118,"column":22},"end":{"line":118,"column":28}},"loc":{"start":{"line":118,"column":31},"end":{"line":120,"column":1}},"line":118}},"branchMap":{"0":{"loc":{"start":{"line":27,"column":11},"end":{"line":27,"column":35}},"type":"binary-expr","locations":[{"start":{"line":27,"column":11},"end":{"line":27,"column":27}},{"start":{"line":27,"column":31},"end":{"line":27,"column":35}}],"line":27},"1":{"loc":{"start":{"line":42,"column":0},"end":{"line":42,"column":65}},"type":"if","locations":[{"start":{"line":42,"column":0},"end":{"line":42,"column":65}},{"start":{"line":42,"column":0},"end":{"line":42,"column":65}}],"line":42},"2":{"loc":{"start":{"line":73,"column":12},"end":{"line":73,"column":66}},"type":"binary-expr","locations":[{"start":{"line":73,"column":12},"end":{"line":73,"column":38}},{"start":{"line":73,"column":42},"end":{"line":73,"column":66}}],"line":73},"3":{"loc":{"start":{"line":87,"column":4},"end":{"line":93,"column":5}},"type":"if","locations":[{"start":{"line":87,"column":4},"end":{"line":93,"column":5}},{"start":{"line":87,"column":4},"end":{"line":93,"column":5}}],"line":87},"4":{"loc":{"start":{"line":103,"column":15},"end":{"line":103,"column":32}},"type":"binary-expr","locations":[{"start":{"line":103,"column":15},"end":{"line":103,"column":25}},{"start":{"line":103,"column":29},"end":{"line":103,"column":32}}],"line":103},"5":{"loc":{"start":{"line":103,"column":39},"end":{"line":103,"column":78}},"type":"binary-expr","locations":[{"start":{"line":103,"column":39},"end":{"line":103,"column":50}},{"start":{"line":103,"column":54},"end":{"line":103,"column":78}}],"line":103},"6":{"loc":{"start":{"line":126,"column":0},"end":{"line":130,"column":1}},"type":"if","locations":[{"start":{"line":126,"column":0},"end":{"line":130,"column":1}},{"start":{"line":126,"column":0},"end":{"line":130,"column":1}}],"line":126}},"s":{"0":1,"1":1,"2":1,"3":1,"4":1,"5":1,"6":1,"7":1,"8":1,"9":1,"10":1,"11":1,"12":1,"13":1,"14":1,"15":1,"16":1,"17":0,"18":1,"19":0,"20":0,"21":1,"22":1,"23":1,"24":1,"25":1,"26":1,"27":1,"28":1,"29":1,"30":1,"31":1,"32":1,"33":0,"34":0,"35":0,"36":0,"37":0,"38":1,"39":0,"40":1,"41":0,"42":0,"43":0,"44":1,"45":0,"46":0,"47":0,"48":0,"49":1,"50":0,"51":1,"52":0,"53":1},"f":{"0":0,"1":0,"2":0,"3":1,"4":0,"5":0,"6":0,"7":0,"8":0,"9":0},"b":{"0":[1,1],"1":[1,0],"2":[1,1],"3":[0,0],"4":[0,0],"5":[0,0],"6":[0,1]},"_coverageSchema":"332fd63041d2c1bcb487cc26dd0d5f7d97098a6c","hash":"97b9396d30a49fbf4d71be87352cabec19ebbbaf","contentHash":"1b55593782c6b5d42e850d9bae1f6a92_11.7.1"},"/home/fma1/FullstackAcademy/silikon-road/secrets.js":{"path":"/home/fma1/FullstackAcademy/silikon-road/secrets.js","statementMap":{},"fnMap":{},"branchMap":{},"s":{},"f":{},"b":{},"_coverageSchema":"332fd63041d2c1bcb487cc26dd0d5f7d97098a6c","hash":"a45823bd5553cd06ea85b52a652c9bceec272018","contentHash":"8af1ebae60489cda9eb0ef1c3e9d06a2_11.7.1"},"/home/fma1/FullstackAcademy/silikon-road/server/auth/index.js":{"path":"/home/fma1/FullstackAcademy/silikon-road/server/auth/index.js","statementMap":{"0":{"start":{"line":3,"column":13},"end":{"line":3,"column":40}},"1":{"start":{"line":5,"column":11},"end":{"line":5,"column":39}},"2":{"start":{"line":7,"column":0},"end":{"line":7,"column":24}},"3":{"start":{"line":8,"column":0},"end":{"line":29,"column":3}},"4":{"start":{"line":9,"column":2},"end":{"line":28,"column":17}},"5":{"start":{"line":17,"column":4},"end":{"line":27,"column":5}},"6":{"start":{"line":18,"column":6},"end":{"line":18,"column":59}},"7":{"start":{"line":19,"column":6},"end":{"line":19,"column":61}},"8":{"start":{"line":20,"column":11},"end":{"line":27,"column":5}},"9":{"start":{"line":21,"column":6},"end":{"line":21,"column":68}},"10":{"start":{"line":22,"column":6},"end":{"line":22,"column":61}},"11":{"start":{"line":24,"column":6},"end":{"line":26,"column":9}},"12":{"start":{"line":25,"column":8},"end":{"line":25,"column":48}},"13":{"start":{"line":30,"column":0},"end":{"line":42,"column":3}},"14":{"start":{"line":31,"column":2},"end":{"line":41,"column":5}},"15":{"start":{"line":32,"column":4},"end":{"line":34,"column":7}},"16":{"start":{"line":33,"column":6},"end":{"line":33,"column":46}},"17":{"start":{"line":36,"column":4},"end":{"line":40,"column":5}},"18":{"start":{"line":37,"column":6},"end":{"line":37,"column":50}},"19":{"start":{"line":39,"column":6},"end":{"line":39,"column":16}},"20":{"start":{"line":43,"column":0},"end":{"line":49,"column":3}},"21":{"start":{"line":44,"column":2},"end":{"line":48,"column":17}},"22":{"start":{"line":45,"column":4},"end":{"line":47,"column":7}},"23":{"start":{"line":46,"column":6},"end":{"line":46,"column":46}},"24":{"start":{"line":50,"column":0},"end":{"line":54,"column":3}},"25":{"start":{"line":51,"column":2},"end":{"line":51,"column":15}},"26":{"start":{"line":52,"column":2},"end":{"line":52,"column":24}},"27":{"start":{"line":53,"column":2},"end":{"line":53,"column":20}},"28":{"start":{"line":55,"column":0},"end":{"line":57,"column":3}},"29":{"start":{"line":56,"column":2},"end":{"line":56,"column":21}},"30":{"start":{"line":58,"column":0},"end":{"line":58,"column":43}}},"fnMap":{"0":{"name":"(anonymous_0)","decl":{"start":{"line":8,"column":22},"end":{"line":8,"column":23}},"loc":{"start":{"line":8,"column":48},"end":{"line":29,"column":1}},"line":8},"1":{"name":"(anonymous_1)","decl":{"start":{"line":16,"column":10},"end":{"line":16,"column":11}},"loc":{"start":{"line":16,"column":26},"end":{"line":28,"column":3}},"line":16},"2":{"name":"(anonymous_2)","decl":{"start":{"line":24,"column":22},"end":{"line":24,"column":23}},"loc":{"start":{"line":24,"column":37},"end":{"line":26,"column":7}},"line":24},"3":{"name":"(anonymous_3)","decl":{"start":{"line":30,"column":23},"end":{"line":30,"column":24}},"loc":{"start":{"line":30,"column":49},"end":{"line":42,"column":1}},"line":30},"4":{"name":"(anonymous_4)","decl":{"start":{"line":31,"column":29},"end":{"line":31,"column":30}},"loc":{"start":{"line":31,"column":45},"end":{"line":35,"column":3}},"line":31},"5":{"name":"(anonymous_5)","decl":{"start":{"line":32,"column":20},"end":{"line":32,"column":21}},"loc":{"start":{"line":32,"column":35},"end":{"line":34,"column":5}},"line":32},"6":{"name":"(anonymous_6)","decl":{"start":{"line":35,"column":11},"end":{"line":35,"column":12}},"loc":{"start":{"line":35,"column":26},"end":{"line":41,"column":3}},"line":35},"7":{"name":"(anonymous_7)","decl":{"start":{"line":43,"column":28},"end":{"line":43,"column":29}},"loc":{"start":{"line":43,"column":54},"end":{"line":49,"column":1}},"line":43},"8":{"name":"(anonymous_8)","decl":{"start":{"line":44,"column":29},"end":{"line":44,"column":30}},"loc":{"start":{"line":44,"column":45},"end":{"line":48,"column":3}},"line":44},"9":{"name":"(anonymous_9)","decl":{"start":{"line":45,"column":20},"end":{"line":45,"column":21}},"loc":{"start":{"line":45,"column":35},"end":{"line":47,"column":5}},"line":45},"10":{"name":"(anonymous_10)","decl":{"start":{"line":50,"column":23},"end":{"line":50,"column":24}},"loc":{"start":{"line":50,"column":43},"end":{"line":54,"column":1}},"line":50},"11":{"name":"(anonymous_11)","decl":{"start":{"line":55,"column":18},"end":{"line":55,"column":19}},"loc":{"start":{"line":55,"column":38},"end":{"line":57,"column":1}},"line":55}},"branchMap":{"0":{"loc":{"start":{"line":17,"column":4},"end":{"line":27,"column":5}},"type":"if","locations":[{"start":{"line":17,"column":4},"end":{"line":27,"column":5}},{"start":{"line":17,"column":4},"end":{"line":27,"column":5}}],"line":17},"1":{"loc":{"start":{"line":20,"column":11},"end":{"line":27,"column":5}},"type":"if","locations":[{"start":{"line":20,"column":11},"end":{"line":27,"column":5}},{"start":{"line":20,"column":11},"end":{"line":27,"column":5}}],"line":20},"2":{"loc":{"start":{"line":25,"column":15},"end":{"line":25,"column":47}},"type":"cond-expr","locations":[{"start":{"line":25,"column":21},"end":{"line":25,"column":30}},{"start":{"line":25,"column":33},"end":{"line":25,"column":47}}],"line":25},"3":{"loc":{"start":{"line":33,"column":13},"end":{"line":33,"column":45}},"type":"cond-expr","locations":[{"start":{"line":33,"column":19},"end":{"line":33,"column":28}},{"start":{"line":33,"column":31},"end":{"line":33,"column":45}}],"line":33},"4":{"loc":{"start":{"line":36,"column":4},"end":{"line":40,"column":5}},"type":"if","locations":[{"start":{"line":36,"column":4},"end":{"line":40,"column":5}},{"start":{"line":36,"column":4},"end":{"line":40,"column":5}}],"line":36},"5":{"loc":{"start":{"line":46,"column":13},"end":{"line":46,"column":45}},"type":"cond-expr","locations":[{"start":{"line":46,"column":19},"end":{"line":46,"column":28}},{"start":{"line":46,"column":31},"end":{"line":46,"column":45}}],"line":46}},"s":{"0":1,"1":1,"2":1,"3":1,"4":0,"5":0,"6":0,"7":0,"8":0,"9":0,"10":0,"11":0,"12":0,"13":1,"14":0,"15":0,"16":0,"17":0,"18":0,"19":0,"20":1,"21":0,"22":0,"23":0,"24":1,"25":0,"26":0,"27":0,"28":1,"29":0,"30":1},"f":{"0":0,"1":0,"2":0,"3":0,"4":0,"5":0,"6":0,"7":0,"8":0,"9":0,"10":0,"11":0},"b":{"0":[0,0],"1":[0,0],"2":[0,0],"3":[0,0],"4":[0,0],"5":[0,0]},"_coverageSchema":"332fd63041d2c1bcb487cc26dd0d5f7d97098a6c","hash":"b8e9f0818ea3a30eead07fddfb3bd3c5fa8b1cfc","contentHash":"10cd8dea5a385aa33cccce06e981a955_11.7.1"},"/home/fma1/FullstackAcademy/silikon-road/server/auth/google.js":{"path":"/home/fma1/FullstackAcademy/silikon-road/server/auth/google.js","statementMap":{"0":{"start":{"line":3,"column":15},"end":{"line":3,"column":34}},"1":{"start":{"line":5,"column":13},"end":{"line":5,"column":40}},"2":{"start":{"line":7,"column":21},"end":{"line":7,"column":68}},"3":{"start":{"line":9,"column":15},"end":{"line":9,"column":38}},"4":{"start":{"line":10,"column":11},"end":{"line":10,"column":24}},"5":{"start":{"line":12,"column":0},"end":{"line":12,"column":24}},"6":{"start":{"line":27,"column":0},"end":{"line":61,"column":1}},"7":{"start":{"line":28,"column":2},"end":{"line":28,"column":79}},"8":{"start":{"line":30,"column":21},"end":{"line":34,"column":3}},"9":{"start":{"line":35,"column":17},"end":{"line":52,"column":4}},"10":{"start":{"line":36,"column":19},"end":{"line":36,"column":29}},"11":{"start":{"line":37,"column":15},"end":{"line":37,"column":34}},"12":{"start":{"line":38,"column":16},"end":{"line":38,"column":39}},"13":{"start":{"line":39,"column":4},"end":{"line":51,"column":19}},"14":{"start":{"line":44,"column":6},"end":{"line":50,"column":9}},"15":{"start":{"line":49,"column":8},"end":{"line":49,"column":39}},"16":{"start":{"line":53,"column":2},"end":{"line":53,"column":25}},"17":{"start":{"line":54,"column":2},"end":{"line":56,"column":6}},"18":{"start":{"line":57,"column":2},"end":{"line":60,"column":6}}},"fnMap":{"0":{"name":"(anonymous_0)","decl":{"start":{"line":35,"column":50},"end":{"line":35,"column":51}},"loc":{"start":{"line":35,"column":96},"end":{"line":52,"column":3}},"line":35},"1":{"name":"(anonymous_1)","decl":{"start":{"line":43,"column":12},"end":{"line":43,"column":13}},"loc":{"start":{"line":43,"column":33},"end":{"line":51,"column":5}},"line":43},"2":{"name":"(anonymous_2)","decl":{"start":{"line":48,"column":14},"end":{"line":48,"column":15}},"loc":{"start":{"line":48,"column":37},"end":{"line":50,"column":7}},"line":48}},"branchMap":{"0":{"loc":{"start":{"line":27,"column":0},"end":{"line":61,"column":1}},"type":"if","locations":[{"start":{"line":27,"column":0},"end":{"line":61,"column":1}},{"start":{"line":27,"column":0},"end":{"line":61,"column":1}}],"line":27},"1":{"loc":{"start":{"line":27,"column":4},"end":{"line":27,"column":70}},"type":"binary-expr","locations":[{"start":{"line":27,"column":4},"end":{"line":27,"column":33}},{"start":{"line":27,"column":37},"end":{"line":27,"column":70}}],"line":27},"2":{"loc":{"start":{"line":44,"column":13},"end":{"line":50,"column":8}},"type":"cond-expr","locations":[{"start":{"line":44,"column":25},"end":{"line":44,"column":46}},{"start":{"line":44,"column":49},"end":{"line":50,"column":8}}],"line":44}},"s":{"0":1,"1":1,"2":1,"3":1,"4":1,"5":1,"6":1,"7":1,"8":0,"9":0,"10":0,"11":0,"12":0,"13":0,"14":0,"15":0,"16":0,"17":0,"18":0},"f":{"0":0,"1":0,"2":0},"b":{"0":[1,0],"1":[1,0],"2":[0,0]},"_coverageSchema":"332fd63041d2c1bcb487cc26dd0d5f7d97098a6c","hash":"d1626264c467865eef69f28c167d490f2800a3db","contentHash":"ab4598bfafd9e9b95e6d817bfbe1c38c_11.7.1"},"/home/fma1/FullstackAcademy/silikon-road/server/api/index.js":{"path":"/home/fma1/FullstackAcademy/silikon-road/server/api/index.js","statementMap":{"0":{"start":{"line":3,"column":13},"end":{"line":3,"column":40}},"1":{"start":{"line":5,"column":0},"end":{"line":5,"column":24}},"2":{"start":{"line":6,"column":0},"end":{"line":6,"column":41}},"3":{"start":{"line":7,"column":0},"end":{"line":7,"column":47}},"4":{"start":{"line":8,"column":0},"end":{"line":8,"column":43}},"5":{"start":{"line":9,"column":0},"end":{"line":9,"column":57}},"6":{"start":{"line":10,"column":0},"end":{"line":14,"column":3}},"7":{"start":{"line":11,"column":14},"end":{"line":11,"column":36}},"8":{"start":{"line":12,"column":2},"end":{"line":12,"column":21}},"9":{"start":{"line":13,"column":2},"end":{"line":13,"column":14}}},"fnMap":{"0":{"name":"(anonymous_0)","decl":{"start":{"line":10,"column":11},"end":{"line":10,"column":12}},"loc":{"start":{"line":10,"column":37},"end":{"line":14,"column":1}},"line":10}},"branchMap":{},"s":{"0":1,"1":1,"2":1,"3":1,"4":1,"5":1,"6":1,"7":0,"8":0,"9":0},"f":{"0":0},"b":{},"_coverageSchema":"332fd63041d2c1bcb487cc26dd0d5f7d97098a6c","hash":"418288a59f69d4f31c3c02b56415a91b27ed61ae","contentHash":"5381bd2e583a8bfcfaf377c53de563f7_11.7.1"},"/home/fma1/FullstackAcademy/silikon-road/server/api/users.js":{"path":"/home/fma1/FullstackAcademy/silikon-road/server/api/users.js","statementMap":{"0":{"start":{"line":3,"column":13},"end":{"line":3,"column":40}},"1":{"start":{"line":5,"column":15},"end":{"line":5,"column":38}},"2":{"start":{"line":6,"column":11},"end":{"line":6,"column":24}},"3":{"start":{"line":8,"column":16},"end":{"line":8,"column":34}},"4":{"start":{"line":9,"column":31},"end":{"line":9,"column":65}},"5":{"start":{"line":10,"column":25},"end":{"line":10,"column":53}},"6":{"start":{"line":12,"column":0},"end":{"line":21,"column":3}},"7":{"start":{"line":13,"column":2},"end":{"line":20,"column":17}},"8":{"start":{"line":19,"column":4},"end":{"line":19,"column":27}},"9":{"start":{"line":22,"column":0},"end":{"line":22,"column":24}}},"fnMap":{"0":{"name":"(anonymous_0)","decl":{"start":{"line":12,"column":64},"end":{"line":12,"column":65}},"loc":{"start":{"line":12,"column":90},"end":{"line":21,"column":1}},"line":12},"1":{"name":"(anonymous_1)","decl":{"start":{"line":18,"column":10},"end":{"line":18,"column":11}},"loc":{"start":{"line":18,"column":27},"end":{"line":20,"column":3}},"line":18}},"branchMap":{},"s":{"0":1,"1":1,"2":1,"3":1,"4":1,"5":1,"6":1,"7":0,"8":0,"9":1},"f":{"0":0,"1":0},"b":{},"_coverageSchema":"332fd63041d2c1bcb487cc26dd0d5f7d97098a6c","hash":"783b012840be3053430b9cc401b707365b889d9c","contentHash":"f57a84aba0fcc8e7b24c77e61f7ecee8_11.7.1"},"/home/fma1/FullstackAcademy/silikon-road/server/api/utils.js":{"path":"/home/fma1/FullstackAcademy/silikon-road/server/api/utils.js","statementMap":{"0":{"start":{"line":3,"column":31},"end":{"line":17,"column":1}},"1":{"start":{"line":4,"column":2},"end":{"line":16,"column":4}},"2":{"start":{"line":5,"column":25},"end":{"line":9,"column":12}},"3":{"start":{"line":6,"column":6},"end":{"line":6,"column":32}},"4":{"start":{"line":8,"column":6},"end":{"line":8,"column":26}},"5":{"start":{"line":11,"column":4},"end":{"line":15,"column":5}},"6":{"start":{"line":12,"column":6},"end":{"line":12,"column":13}},"7":{"start":{"line":14,"column":6},"end":{"line":14,"column":26}},"8":{"start":{"line":19,"column":25},"end":{"line":21,"column":1}},"9":{"start":{"line":20,"column":2},"end":{"line":20,"column":38}},"10":{"start":{"line":23,"column":0},"end":{"line":26,"column":2}}},"fnMap":{"0":{"name":"checkConditionMiddleware","decl":{"start":{"line":3,"column":40},"end":{"line":3,"column":64}},"loc":{"start":{"line":3,"column":81},"end":{"line":17,"column":1}},"line":3},"1":{"name":"(anonymous_1)","decl":{"start":{"line":4,"column":9},"end":{"line":4,"column":10}},"loc":{"start":{"line":4,"column":35},"end":{"line":16,"column":3}},"line":4},"2":{"name":"(anonymous_2)","decl":{"start":{"line":5,"column":44},"end":{"line":5,"column":45}},"loc":{"start":{"line":5,"column":69},"end":{"line":7,"column":5}},"line":5},"3":{"name":"(anonymous_3)","decl":{"start":{"line":7,"column":14},"end":{"line":7,"column":15}},"loc":{"start":{"line":7,"column":36},"end":{"line":9,"column":5}},"line":7},"4":{"name":"adminConditionFunc","decl":{"start":{"line":19,"column":34},"end":{"line":19,"column":52}},"loc":{"start":{"line":19,"column":58},"end":{"line":21,"column":1}},"line":19}},"branchMap":{"0":{"loc":{"start":{"line":8,"column":13},"end":{"line":8,"column":25}},"type":"binary-expr","locations":[{"start":{"line":8,"column":13},"end":{"line":8,"column":17}},{"start":{"line":8,"column":21},"end":{"line":8,"column":25}}],"line":8},"1":{"loc":{"start":{"line":11,"column":4},"end":{"line":15,"column":5}},"type":"if","locations":[{"start":{"line":11,"column":4},"end":{"line":15,"column":5}},{"start":{"line":11,"column":4},"end":{"line":15,"column":5}}],"line":11},"2":{"loc":{"start":{"line":20,"column":9},"end":{"line":20,"column":37}},"type":"binary-expr","locations":[{"start":{"line":20,"column":9},"end":{"line":20,"column":17}},{"start":{"line":20,"column":21},"end":{"line":20,"column":37}}],"line":20}},"s":{"0":1,"1":1,"2":1,"3":1,"4":1,"5":1,"6":0,"7":1,"8":1,"9":1,"10":1},"f":{"0":1,"1":1,"2":1,"3":1,"4":1},"b":{"0":[1,1],"1":[0,1],"2":[1,0]},"_coverageSchema":"332fd63041d2c1bcb487cc26dd0d5f7d97098a6c","hash":"66cdc8fc0e7bf5cca7e4f1b0ea6213934a5a4e9a","contentHash":"cd468a23e6aa15c27eebb6359ca66dbc_11.7.1"},"/home/fma1/FullstackAcademy/silikon-road/server/api/products.js":{"path":"/home/fma1/FullstackAcademy/silikon-road/server/api/products.js","statementMap":{"0":{"start":{"line":3,"column":13},"end":{"line":3,"column":40}},"1":{"start":{"line":5,"column":15},"end":{"line":5,"column":38}},"2":{"start":{"line":6,"column":14},"end":{"line":6,"column":30}},"3":{"start":{"line":8,"column":0},"end":{"line":12,"column":3}},"4":{"start":{"line":9,"column":2},"end":{"line":11,"column":17}},"5":{"start":{"line":10,"column":4},"end":{"line":10,"column":30}},"6":{"start":{"line":13,"column":0},"end":{"line":17,"column":3}},"7":{"start":{"line":14,"column":2},"end":{"line":16,"column":17}},"8":{"start":{"line":15,"column":4},"end":{"line":15,"column":29}},"9":{"start":{"line":18,"column":0},"end":{"line":22,"column":3}},"10":{"start":{"line":19,"column":2},"end":{"line":21,"column":17}},"11":{"start":{"line":20,"column":4},"end":{"line":20,"column":41}},"12":{"start":{"line":23,"column":0},"end":{"line":23,"column":24}}},"fnMap":{"0":{"name":"(anonymous_0)","decl":{"start":{"line":8,"column":16},"end":{"line":8,"column":17}},"loc":{"start":{"line":8,"column":42},"end":{"line":12,"column":1}},"line":8},"1":{"name":"(anonymous_1)","decl":{"start":{"line":9,"column":25},"end":{"line":9,"column":26}},"loc":{"start":{"line":9,"column":45},"end":{"line":11,"column":3}},"line":9},"2":{"name":"(anonymous_2)","decl":{"start":{"line":13,"column":26},"end":{"line":13,"column":27}},"loc":{"start":{"line":13,"column":52},"end":{"line":17,"column":1}},"line":13},"3":{"name":"(anonymous_3)","decl":{"start":{"line":14,"column":46},"end":{"line":14,"column":47}},"loc":{"start":{"line":14,"column":65},"end":{"line":16,"column":3}},"line":14},"4":{"name":"(anonymous_4)","decl":{"start":{"line":18,"column":17},"end":{"line":18,"column":18}},"loc":{"start":{"line":18,"column":43},"end":{"line":22,"column":1}},"line":18},"5":{"name":"(anonymous_5)","decl":{"start":{"line":19,"column":32},"end":{"line":19,"column":33}},"loc":{"start":{"line":19,"column":51},"end":{"line":21,"column":3}},"line":19}},"branchMap":{},"s":{"0":1,"1":1,"2":1,"3":1,"4":1,"5":1,"6":1,"7":1,"8":1,"9":1,"10":0,"11":0,"12":1},"f":{"0":1,"1":1,"2":1,"3":1,"4":0,"5":0},"b":{},"_coverageSchema":"332fd63041d2c1bcb487cc26dd0d5f7d97098a6c","hash":"947409610bc2b9ce84d849f7b50ce9f73459fe97","contentHash":"f8599d75a66550af4b81cfbe620689ce_11.7.1"},"/home/fma1/FullstackAcademy/silikon-road/server/api/orders.js":{"path":"/home/fma1/FullstackAcademy/silikon-road/server/api/orders.js","statementMap":{"0":{"start":{"line":3,"column":13},"end":{"line":3,"column":40}},"1":{"start":{"line":5,"column":15},"end":{"line":5,"column":38}},"2":{"start":{"line":6,"column":12},"end":{"line":6,"column":26}},"3":{"start":{"line":8,"column":0},"end":{"line":8,"column":24}},"4":{"start":{"line":9,"column":0},"end":{"line":21,"column":3}},"5":{"start":{"line":10,"column":2},"end":{"line":20,"column":17}},"6":{"start":{"line":15,"column":4},"end":{"line":19,"column":5}},"7":{"start":{"line":16,"column":6},"end":{"line":16,"column":22}},"8":{"start":{"line":18,"column":6},"end":{"line":18,"column":26}},"9":{"start":{"line":22,"column":0},"end":{"line":26,"column":3}},"10":{"start":{"line":23,"column":2},"end":{"line":25,"column":17}},"11":{"start":{"line":24,"column":4},"end":{"line":24,"column":39}}},"fnMap":{"0":{"name":"(anonymous_0)","decl":{"start":{"line":9,"column":19},"end":{"line":9,"column":20}},"loc":{"start":{"line":9,"column":45},"end":{"line":21,"column":1}},"line":9},"1":{"name":"(anonymous_1)","decl":{"start":{"line":14,"column":10},"end":{"line":14,"column":11}},"loc":{"start":{"line":14,"column":27},"end":{"line":20,"column":3}},"line":14},"2":{"name":"(anonymous_2)","decl":{"start":{"line":22,"column":17},"end":{"line":22,"column":18}},"loc":{"start":{"line":22,"column":43},"end":{"line":26,"column":1}},"line":22},"3":{"name":"(anonymous_3)","decl":{"start":{"line":23,"column":30},"end":{"line":23,"column":31}},"loc":{"start":{"line":23,"column":47},"end":{"line":25,"column":3}},"line":23}},"branchMap":{"0":{"loc":{"start":{"line":15,"column":4},"end":{"line":19,"column":5}},"type":"if","locations":[{"start":{"line":15,"column":4},"end":{"line":19,"column":5}},{"start":{"line":15,"column":4},"end":{"line":19,"column":5}}],"line":15},"1":{"loc":{"start":{"line":15,"column":8},"end":{"line":15,"column":49}},"type":"binary-expr","locations":[{"start":{"line":15,"column":8},"end":{"line":15,"column":16}},{"start":{"line":15,"column":20},"end":{"line":15,"column":49}}],"line":15}},"s":{"0":1,"1":1,"2":1,"3":1,"4":1,"5":0,"6":0,"7":0,"8":0,"9":1,"10":0,"11":0},"f":{"0":0,"1":0,"2":0,"3":0},"b":{"0":[0,0],"1":[0,0]},"_coverageSchema":"332fd63041d2c1bcb487cc26dd0d5f7d97098a6c","hash":"497568fe83e0ccad4ed1e42d36eae0cdf3e13536","contentHash":"6f0f63de2affe9cbb3a51ff704d34e51_11.7.1"},"/home/fma1/FullstackAcademy/silikon-road/server/api/order_product.js":{"path":"/home/fma1/FullstackAcademy/silikon-road/server/api/order_product.js","statementMap":{"0":{"start":{"line":3,"column":13},"end":{"line":3,"column":40}},"1":{"start":{"line":5,"column":15},"end":{"line":5,"column":38}},"2":{"start":{"line":6,"column":19},"end":{"line":6,"column":40}},"3":{"start":{"line":9,"column":0},"end":{"line":13,"column":3}},"4":{"start":{"line":10,"column":2},"end":{"line":12,"column":17}},"5":{"start":{"line":11,"column":4},"end":{"line":11,"column":42}},"6":{"start":{"line":14,"column":0},"end":{"line":14,"column":24}}},"fnMap":{"0":{"name":"(anonymous_0)","decl":{"start":{"line":9,"column":17},"end":{"line":9,"column":18}},"loc":{"start":{"line":9,"column":43},"end":{"line":13,"column":1}},"line":9},"1":{"name":"(anonymous_1)","decl":{"start":{"line":10,"column":37},"end":{"line":10,"column":38}},"loc":{"start":{"line":10,"column":57},"end":{"line":12,"column":3}},"line":10}},"branchMap":{},"s":{"0":1,"1":1,"2":1,"3":1,"4":0,"5":0,"6":1},"f":{"0":0,"1":0},"b":{},"_coverageSchema":"332fd63041d2c1bcb487cc26dd0d5f7d97098a6c","hash":"e6b9eb0150fcdf47f8e436c1c210b73ad12f9de5","contentHash":"4e2691fbb7081ea0593d939533e444a9_11.7.1"},"/home/fma1/FullstackAcademy/silikon-road/server/api/users.spec.js":{"path":"/home/fma1/FullstackAcademy/silikon-road/server/api/users.spec.js","statementMap":{"0":{"start":{"line":4,"column":15},"end":{"line":4,"column":30}},"1":{"start":{"line":5,"column":13},"end":{"line":5,"column":28}},"2":{"start":{"line":7,"column":14},"end":{"line":7,"column":34}},"3":{"start":{"line":9,"column":9},"end":{"line":9,"column":25}},"4":{"start":{"line":11,"column":10},"end":{"line":11,"column":29}},"5":{"start":{"line":13,"column":11},"end":{"line":13,"column":27}},"6":{"start":{"line":14,"column":0},"end":{"line":31,"column":3}},"7":{"start":{"line":15,"column":2},"end":{"line":19,"column":5}},"8":{"start":{"line":16,"column":4},"end":{"line":18,"column":7}},"9":{"start":{"line":20,"column":2},"end":{"line":30,"column":5}},"10":{"start":{"line":21,"column":21},"end":{"line":21,"column":41}},"11":{"start":{"line":22,"column":4},"end":{"line":26,"column":7}},"12":{"start":{"line":23,"column":6},"end":{"line":25,"column":9}},"13":{"start":{"line":27,"column":4},"end":{"line":29,"column":7}},"14":{"start":{"line":28,"column":6},"end":{"line":28,"column":56}}},"fnMap":{"0":{"name":"(anonymous_0)","decl":{"start":{"line":14,"column":24},"end":{"line":14,"column":25}},"loc":{"start":{"line":14,"column":36},"end":{"line":31,"column":1}},"line":14},"1":{"name":"(anonymous_1)","decl":{"start":{"line":15,"column":13},"end":{"line":15,"column":14}},"loc":{"start":{"line":15,"column":25},"end":{"line":19,"column":3}},"line":15},"2":{"name":"(anonymous_2)","decl":{"start":{"line":20,"column":26},"end":{"line":20,"column":27}},"loc":{"start":{"line":20,"column":38},"end":{"line":30,"column":3}},"line":20},"3":{"name":"(anonymous_3)","decl":{"start":{"line":22,"column":15},"end":{"line":22,"column":16}},"loc":{"start":{"line":22,"column":27},"end":{"line":26,"column":5}},"line":22},"4":{"name":"(anonymous_4)","decl":{"start":{"line":27,"column":47},"end":{"line":27,"column":48}},"loc":{"start":{"line":27,"column":59},"end":{"line":29,"column":5}},"line":27}},"branchMap":{},"s":{"0":1,"1":1,"2":1,"3":1,"4":1,"5":1,"6":1,"7":1,"8":1,"9":1,"10":1,"11":1,"12":1,"13":1,"14":1},"f":{"0":1,"1":1,"2":1,"3":1,"4":1},"b":{},"_coverageSchema":"332fd63041d2c1bcb487cc26dd0d5f7d97098a6c","hash":"4873b1ccecd06a11a895e16382537dd1d795860d","contentHash":"f17e6877b91235cc6a32f6206d9a984f_11.7.1"},"/home/fma1/FullstackAcademy/silikon-road/server/db/models/addresses.spec.js":{"path":"/home/fma1/FullstackAcademy/silikon-road/server/db/models/addresses.spec.js","statementMap":{"0":{"start":{"line":4,"column":11},"end":{"line":4,"column":26}},"1":{"start":{"line":6,"column":21},"end":{"line":6,"column":48}},"2":{"start":{"line":8,"column":9},"end":{"line":8,"column":28}},"3":{"start":{"line":10,"column":0},"end":{"line":10,"column":25}},"4":{"start":{"line":11,"column":13},"end":{"line":11,"column":24}},"5":{"start":{"line":12,"column":14},"end":{"line":12,"column":33}},"6":{"start":{"line":14,"column":15},"end":{"line":14,"column":35}},"7":{"start":{"line":15,"column":22},"end":{"line":15,"column":46}},"8":{"start":{"line":17,"column":0},"end":{"line":73,"column":3}},"9":{"start":{"line":18,"column":2},"end":{"line":22,"column":5}},"10":{"start":{"line":19,"column":4},"end":{"line":21,"column":7}},"11":{"start":{"line":23,"column":2},"end":{"line":60,"column":5}},"12":{"start":{"line":24,"column":4},"end":{"line":30,"column":7}},"13":{"start":{"line":25,"column":6},"end":{"line":29,"column":27}},"14":{"start":{"line":31,"column":4},"end":{"line":37,"column":7}},"15":{"start":{"line":32,"column":6},"end":{"line":36,"column":27}},"16":{"start":{"line":38,"column":4},"end":{"line":44,"column":7}},"17":{"start":{"line":39,"column":6},"end":{"line":43,"column":27}},"18":{"start":{"line":45,"column":4},"end":{"line":51,"column":7}},"19":{"start":{"line":46,"column":6},"end":{"line":50,"column":27}},"20":{"start":{"line":52,"column":4},"end":{"line":59,"column":7}},"21":{"start":{"line":53,"column":6},"end":{"line":58,"column":27}},"22":{"start":{"line":61,"column":2},"end":{"line":72,"column":5}},"23":{"start":{"line":62,"column":4},"end":{"line":71,"column":7}},"24":{"start":{"line":63,"column":6},"end":{"line":70,"column":9}},"25":{"start":{"line":69,"column":8},"end":{"line":69,"column":50}}},"fnMap":{"0":{"name":"(anonymous_0)","decl":{"start":{"line":17,"column":26},"end":{"line":17,"column":27}},"loc":{"start":{"line":17,"column":38},"end":{"line":73,"column":1}},"line":17},"1":{"name":"(anonymous_1)","decl":{"start":{"line":18,"column":13},"end":{"line":18,"column":14}},"loc":{"start":{"line":18,"column":25},"end":{"line":22,"column":3}},"line":18},"2":{"name":"(anonymous_2)","decl":{"start":{"line":23,"column":26},"end":{"line":23,"column":27}},"loc":{"start":{"line":23,"column":38},"end":{"line":60,"column":3}},"line":23},"3":{"name":"(anonymous_3)","decl":{"start":{"line":24,"column":50},"end":{"line":24,"column":51}},"loc":{"start":{"line":24,"column":62},"end":{"line":30,"column":5}},"line":24},"4":{"name":"(anonymous_4)","decl":{"start":{"line":31,"column":43},"end":{"line":31,"column":44}},"loc":{"start":{"line":31,"column":55},"end":{"line":37,"column":5}},"line":31},"5":{"name":"(anonymous_5)","decl":{"start":{"line":38,"column":44},"end":{"line":38,"column":45}},"loc":{"start":{"line":38,"column":56},"end":{"line":44,"column":5}},"line":38},"6":{"name":"(anonymous_6)","decl":{"start":{"line":45,"column":42},"end":{"line":45,"column":43}},"loc":{"start":{"line":45,"column":54},"end":{"line":51,"column":5}},"line":45},"7":{"name":"(anonymous_7)","decl":{"start":{"line":52,"column":57},"end":{"line":52,"column":58}},"loc":{"start":{"line":52,"column":69},"end":{"line":59,"column":5}},"line":52},"8":{"name":"(anonymous_8)","decl":{"start":{"line":61,"column":27},"end":{"line":61,"column":28}},"loc":{"start":{"line":61,"column":39},"end":{"line":72,"column":3}},"line":61},"9":{"name":"(anonymous_9)","decl":{"start":{"line":62,"column":63},"end":{"line":62,"column":64}},"loc":{"start":{"line":62,"column":75},"end":{"line":71,"column":5}},"line":62},"10":{"name":"(anonymous_10)","decl":{"start":{"line":68,"column":14},"end":{"line":68,"column":15}},"loc":{"start":{"line":68,"column":33},"end":{"line":70,"column":7}},"line":68}},"branchMap":{},"s":{"0":1,"1":1,"2":1,"3":1,"4":1,"5":1,"6":1,"7":1,"8":1,"9":1,"10":6,"11":1,"12":1,"13":1,"14":1,"15":1,"16":1,"17":1,"18":1,"19":1,"20":1,"21":1,"22":1,"23":1,"24":1,"25":1},"f":{"0":1,"1":6,"2":1,"3":1,"4":1,"5":1,"6":1,"7":1,"8":1,"9":1,"10":1},"b":{},"_coverageSchema":"332fd63041d2c1bcb487cc26dd0d5f7d97098a6c","hash":"054a64bb9d9bd78620524f28a16db3773c10d9eb","contentHash":"a4a3b35b30ec2b0a85965fb12ae396c2_11.7.1"},"/home/fma1/FullstackAcademy/silikon-road/server/db/models/order.spec.js":{"path":"/home/fma1/FullstackAcademy/silikon-road/server/db/models/order.spec.js","statementMap":{"0":{"start":{"line":4,"column":11},"end":{"line":4,"column":26}},"1":{"start":{"line":6,"column":21},"end":{"line":6,"column":48}},"2":{"start":{"line":8,"column":9},"end":{"line":8,"column":28}},"3":{"start":{"line":10,"column":0},"end":{"line":10,"column":25}},"4":{"start":{"line":11,"column":13},"end":{"line":11,"column":24}},"5":{"start":{"line":12,"column":12},"end":{"line":12,"column":29}},"6":{"start":{"line":14,"column":15},"end":{"line":14,"column":35}},"7":{"start":{"line":15,"column":20},"end":{"line":15,"column":42}},"8":{"start":{"line":17,"column":0},"end":{"line":47,"column":3}},"9":{"start":{"line":18,"column":2},"end":{"line":22,"column":5}},"10":{"start":{"line":19,"column":4},"end":{"line":21,"column":7}},"11":{"start":{"line":23,"column":2},"end":{"line":34,"column":5}},"12":{"start":{"line":24,"column":4},"end":{"line":28,"column":7}},"13":{"start":{"line":25,"column":6},"end":{"line":27,"column":25}},"14":{"start":{"line":29,"column":4},"end":{"line":33,"column":7}},"15":{"start":{"line":30,"column":6},"end":{"line":32,"column":9}},"16":{"start":{"line":31,"column":8},"end":{"line":31,"column":50}},"17":{"start":{"line":35,"column":2},"end":{"line":46,"column":5}},"18":{"start":{"line":36,"column":4},"end":{"line":40,"column":7}},"19":{"start":{"line":37,"column":6},"end":{"line":39,"column":9}},"20":{"start":{"line":38,"column":8},"end":{"line":38,"column":48}},"21":{"start":{"line":41,"column":4},"end":{"line":45,"column":7}},"22":{"start":{"line":42,"column":6},"end":{"line":44,"column":9}},"23":{"start":{"line":43,"column":8},"end":{"line":43,"column":51}}},"fnMap":{"0":{"name":"(anonymous_0)","decl":{"start":{"line":17,"column":24},"end":{"line":17,"column":25}},"loc":{"start":{"line":17,"column":36},"end":{"line":47,"column":1}},"line":17},"1":{"name":"(anonymous_1)","decl":{"start":{"line":18,"column":13},"end":{"line":18,"column":14}},"loc":{"start":{"line":18,"column":25},"end":{"line":22,"column":3}},"line":18},"2":{"name":"(anonymous_2)","decl":{"start":{"line":23,"column":26},"end":{"line":23,"column":27}},"loc":{"start":{"line":23,"column":38},"end":{"line":34,"column":3}},"line":23},"3":{"name":"(anonymous_3)","decl":{"start":{"line":24,"column":103},"end":{"line":24,"column":104}},"loc":{"start":{"line":24,"column":115},"end":{"line":28,"column":5}},"line":24},"4":{"name":"(anonymous_4)","decl":{"start":{"line":29,"column":75},"end":{"line":29,"column":76}},"loc":{"start":{"line":29,"column":87},"end":{"line":33,"column":5}},"line":29},"5":{"name":"(anonymous_5)","decl":{"start":{"line":30,"column":33},"end":{"line":30,"column":34}},"loc":{"start":{"line":30,"column":50},"end":{"line":32,"column":7}},"line":30},"6":{"name":"(anonymous_6)","decl":{"start":{"line":35,"column":27},"end":{"line":35,"column":28}},"loc":{"start":{"line":35,"column":39},"end":{"line":46,"column":3}},"line":35},"7":{"name":"(anonymous_7)","decl":{"start":{"line":36,"column":61},"end":{"line":36,"column":62}},"loc":{"start":{"line":36,"column":73},"end":{"line":40,"column":5}},"line":36},"8":{"name":"(anonymous_8)","decl":{"start":{"line":37,"column":33},"end":{"line":37,"column":34}},"loc":{"start":{"line":37,"column":50},"end":{"line":39,"column":7}},"line":37},"9":{"name":"(anonymous_9)","decl":{"start":{"line":41,"column":68},"end":{"line":41,"column":69}},"loc":{"start":{"line":41,"column":80},"end":{"line":45,"column":5}},"line":41},"10":{"name":"(anonymous_10)","decl":{"start":{"line":42,"column":33},"end":{"line":42,"column":34}},"loc":{"start":{"line":42,"column":50},"end":{"line":44,"column":7}},"line":42}},"branchMap":{},"s":{"0":1,"1":1,"2":1,"3":1,"4":1,"5":1,"6":1,"7":1,"8":1,"9":1,"10":4,"11":1,"12":1,"13":1,"14":1,"15":1,"16":1,"17":1,"18":1,"19":1,"20":1,"21":1,"22":1,"23":1},"f":{"0":1,"1":4,"2":1,"3":1,"4":1,"5":1,"6":1,"7":1,"8":1,"9":1,"10":1},"b":{},"_coverageSchema":"332fd63041d2c1bcb487cc26dd0d5f7d97098a6c","hash":"3a41e32cc33f5afa06e02bef44ccf0991fbfd5c3","contentHash":"831ac787b394eced1b81fc59201238d9_11.7.1"},"/home/fma1/FullstackAcademy/silikon-road/server/db/models/order_product.spec.js":{"path":"/home/fma1/FullstackAcademy/silikon-road/server/db/models/order_product.spec.js","statementMap":{"0":{"start":{"line":4,"column":11},"end":{"line":4,"column":26}},"1":{"start":{"line":6,"column":21},"end":{"line":6,"column":48}},"2":{"start":{"line":8,"column":9},"end":{"line":8,"column":28}},"3":{"start":{"line":10,"column":0},"end":{"line":10,"column":25}},"4":{"start":{"line":11,"column":13},"end":{"line":11,"column":24}},"5":{"start":{"line":12,"column":12},"end":{"line":12,"column":29}},"6":{"start":{"line":13,"column":14},"end":{"line":13,"column":33}},"7":{"start":{"line":14,"column":19},"end":{"line":14,"column":44}},"8":{"start":{"line":16,"column":15},"end":{"line":16,"column":35}},"9":{"start":{"line":17,"column":22},"end":{"line":17,"column":46}},"10":{"start":{"line":18,"column":20},"end":{"line":18,"column":42}},"11":{"start":{"line":20,"column":0},"end":{"line":53,"column":3}},"12":{"start":{"line":21,"column":2},"end":{"line":33,"column":5}},"13":{"start":{"line":22,"column":4},"end":{"line":32,"column":7}},"14":{"start":{"line":25,"column":6},"end":{"line":25,"column":28}},"15":{"start":{"line":27,"column":6},"end":{"line":31,"column":9}},"16":{"start":{"line":34,"column":2},"end":{"line":38,"column":5}},"17":{"start":{"line":35,"column":4},"end":{"line":37,"column":7}},"18":{"start":{"line":36,"column":6},"end":{"line":36,"column":71}},"19":{"start":{"line":39,"column":2},"end":{"line":52,"column":5}},"20":{"start":{"line":40,"column":4},"end":{"line":45,"column":7}},"21":{"start":{"line":41,"column":6},"end":{"line":44,"column":25}},"22":{"start":{"line":46,"column":4},"end":{"line":51,"column":7}},"23":{"start":{"line":47,"column":6},"end":{"line":50,"column":25}}},"fnMap":{"0":{"name":"(anonymous_0)","decl":{"start":{"line":20,"column":70},"end":{"line":20,"column":71}},"loc":{"start":{"line":20,"column":82},"end":{"line":53,"column":1}},"line":20},"1":{"name":"(anonymous_1)","decl":{"start":{"line":21,"column":13},"end":{"line":21,"column":14}},"loc":{"start":{"line":21,"column":25},"end":{"line":33,"column":3}},"line":21},"2":{"name":"(anonymous_2)","decl":{"start":{"line":24,"column":12},"end":{"line":24,"column":13}},"loc":{"start":{"line":24,"column":24},"end":{"line":26,"column":5}},"line":24},"3":{"name":"(anonymous_3)","decl":{"start":{"line":26,"column":12},"end":{"line":26,"column":13}},"loc":{"start":{"line":26,"column":24},"end":{"line":32,"column":5}},"line":26},"4":{"name":"(anonymous_4)","decl":{"start":{"line":34,"column":26},"end":{"line":34,"column":27}},"loc":{"start":{"line":34,"column":38},"end":{"line":38,"column":3}},"line":34},"5":{"name":"(anonymous_5)","decl":{"start":{"line":35,"column":47},"end":{"line":35,"column":48}},"loc":{"start":{"line":35,"column":59},"end":{"line":37,"column":5}},"line":35},"6":{"name":"(anonymous_6)","decl":{"start":{"line":39,"column":27},"end":{"line":39,"column":28}},"loc":{"start":{"line":39,"column":39},"end":{"line":52,"column":3}},"line":39},"7":{"name":"(anonymous_7)","decl":{"start":{"line":40,"column":45},"end":{"line":40,"column":46}},"loc":{"start":{"line":40,"column":57},"end":{"line":45,"column":5}},"line":40},"8":{"name":"(anonymous_8)","decl":{"start":{"line":46,"column":47},"end":{"line":46,"column":48}},"loc":{"start":{"line":46,"column":59},"end":{"line":51,"column":5}},"line":46}},"branchMap":{},"s":{"0":1,"1":1,"2":1,"3":1,"4":1,"5":1,"6":1,"7":1,"8":1,"9":1,"10":1,"11":1,"12":1,"13":3,"14":3,"15":3,"16":1,"17":1,"18":1,"19":1,"20":1,"21":1,"22":1,"23":1},"f":{"0":1,"1":3,"2":3,"3":3,"4":1,"5":1,"6":1,"7":1,"8":1},"b":{},"_coverageSchema":"332fd63041d2c1bcb487cc26dd0d5f7d97098a6c","hash":"884b17e346f4ae694b81ae5332482fe0abbe983b","contentHash":"6de7830dd7fc89ab1693d0ce3f12e945_11.7.1"},"/home/fma1/FullstackAcademy/silikon-road/server/db/models/product.spec.js":{"path":"/home/fma1/FullstackAcademy/silikon-road/server/db/models/product.spec.js","statementMap":{"0":{"start":{"line":4,"column":11},"end":{"line":4,"column":26}},"1":{"start":{"line":6,"column":21},"end":{"line":6,"column":48}},"2":{"start":{"line":8,"column":9},"end":{"line":8,"column":28}},"3":{"start":{"line":10,"column":0},"end":{"line":10,"column":25}},"4":{"start":{"line":11,"column":13},"end":{"line":11,"column":24}},"5":{"start":{"line":12,"column":14},"end":{"line":12,"column":33}},"6":{"start":{"line":14,"column":15},"end":{"line":14,"column":35}},"7":{"start":{"line":15,"column":22},"end":{"line":15,"column":46}},"8":{"start":{"line":17,"column":0},"end":{"line":59,"column":3}},"9":{"start":{"line":18,"column":2},"end":{"line":58,"column":5}},"10":{"start":{"line":19,"column":4},"end":{"line":23,"column":7}},"11":{"start":{"line":20,"column":6},"end":{"line":22,"column":9}},"12":{"start":{"line":24,"column":4},"end":{"line":26,"column":7}},"13":{"start":{"line":25,"column":6},"end":{"line":25,"column":66}},"14":{"start":{"line":27,"column":4},"end":{"line":31,"column":7}},"15":{"start":{"line":28,"column":6},"end":{"line":30,"column":27}},"16":{"start":{"line":32,"column":4},"end":{"line":37,"column":7}},"17":{"start":{"line":33,"column":6},"end":{"line":36,"column":27}},"18":{"start":{"line":38,"column":4},"end":{"line":46,"column":7}},"19":{"start":{"line":39,"column":6},"end":{"line":45,"column":9}},"20":{"start":{"line":44,"column":8},"end":{"line":44,"column":101}},"21":{"start":{"line":47,"column":4},"end":{"line":57,"column":7}},"22":{"start":{"line":48,"column":6},"end":{"line":56,"column":27}},"23":{"start":{"line":53,"column":8},"end":{"line":55,"column":11}}},"fnMap":{"0":{"name":"(anonymous_0)","decl":{"start":{"line":17,"column":26},"end":{"line":17,"column":27}},"loc":{"start":{"line":17,"column":38},"end":{"line":59,"column":1}},"line":17},"1":{"name":"(anonymous_1)","decl":{"start":{"line":18,"column":26},"end":{"line":18,"column":27}},"loc":{"start":{"line":18,"column":38},"end":{"line":58,"column":3}},"line":18},"2":{"name":"(anonymous_2)","decl":{"start":{"line":19,"column":15},"end":{"line":19,"column":16}},"loc":{"start":{"line":19,"column":27},"end":{"line":23,"column":5}},"line":19},"3":{"name":"(anonymous_3)","decl":{"start":{"line":24,"column":43},"end":{"line":24,"column":44}},"loc":{"start":{"line":24,"column":55},"end":{"line":26,"column":5}},"line":24},"4":{"name":"(anonymous_4)","decl":{"start":{"line":27,"column":44},"end":{"line":27,"column":45}},"loc":{"start":{"line":27,"column":56},"end":{"line":31,"column":5}},"line":27},"5":{"name":"(anonymous_5)","decl":{"start":{"line":32,"column":50},"end":{"line":32,"column":51}},"loc":{"start":{"line":32,"column":62},"end":{"line":37,"column":5}},"line":32},"6":{"name":"(anonymous_6)","decl":{"start":{"line":38,"column":102},"end":{"line":38,"column":103}},"loc":{"start":{"line":38,"column":114},"end":{"line":46,"column":5}},"line":38},"7":{"name":"(anonymous_7)","decl":{"start":{"line":43,"column":14},"end":{"line":43,"column":15}},"loc":{"start":{"line":43,"column":33},"end":{"line":45,"column":7}},"line":43},"8":{"name":"(anonymous_8)","decl":{"start":{"line":47,"column":48},"end":{"line":47,"column":49}},"loc":{"start":{"line":47,"column":60},"end":{"line":57,"column":5}},"line":47},"9":{"name":"(anonymous_9)","decl":{"start":{"line":52,"column":14},"end":{"line":52,"column":15}},"loc":{"start":{"line":52,"column":26},"end":{"line":56,"column":7}},"line":52}},"branchMap":{},"s":{"0":1,"1":1,"2":1,"3":1,"4":1,"5":1,"6":1,"7":1,"8":1,"9":1,"10":1,"11":5,"12":1,"13":1,"14":1,"15":1,"16":1,"17":1,"18":1,"19":1,"20":1,"21":1,"22":1,"23":1},"f":{"0":1,"1":1,"2":5,"3":1,"4":1,"5":1,"6":1,"7":1,"8":1,"9":1},"b":{},"_coverageSchema":"332fd63041d2c1bcb487cc26dd0d5f7d97098a6c","hash":"a1559f1eefffac9bc65b366a17092005a76f4eed","contentHash":"e229b7cfe41738262400ad037eda9b1b_11.7.1"},"/home/fma1/FullstackAcademy/silikon-road/server/db/models/user.spec.js":{"path":"/home/fma1/FullstackAcademy/silikon-road/server/db/models/user.spec.js","statementMap":{"0":{"start":{"line":4,"column":15},"end":{"line":4,"column":30}},"1":{"start":{"line":5,"column":13},"end":{"line":5,"column":28}},"2":{"start":{"line":7,"column":9},"end":{"line":7,"column":28}},"3":{"start":{"line":9,"column":11},"end":{"line":9,"column":27}},"4":{"start":{"line":10,"column":0},"end":{"line":35,"column":3}},"5":{"start":{"line":11,"column":2},"end":{"line":15,"column":5}},"6":{"start":{"line":12,"column":4},"end":{"line":14,"column":7}},"7":{"start":{"line":16,"column":2},"end":{"line":34,"column":5}},"8":{"start":{"line":17,"column":4},"end":{"line":33,"column":7}},"9":{"start":{"line":19,"column":6},"end":{"line":26,"column":9}},"10":{"start":{"line":20,"column":8},"end":{"line":25,"column":11}},"11":{"start":{"line":24,"column":10},"end":{"line":24,"column":22}},"12":{"start":{"line":27,"column":6},"end":{"line":29,"column":9}},"13":{"start":{"line":28,"column":8},"end":{"line":28,"column":64}},"14":{"start":{"line":30,"column":6},"end":{"line":32,"column":9}},"15":{"start":{"line":31,"column":8},"end":{"line":31,"column":65}}},"fnMap":{"0":{"name":"(anonymous_0)","decl":{"start":{"line":10,"column":23},"end":{"line":10,"column":24}},"loc":{"start":{"line":10,"column":35},"end":{"line":35,"column":1}},"line":10},"1":{"name":"(anonymous_1)","decl":{"start":{"line":11,"column":13},"end":{"line":11,"column":14}},"loc":{"start":{"line":11,"column":25},"end":{"line":15,"column":3}},"line":11},"2":{"name":"(anonymous_2)","decl":{"start":{"line":16,"column":30},"end":{"line":16,"column":31}},"loc":{"start":{"line":16,"column":42},"end":{"line":34,"column":3}},"line":16},"3":{"name":"(anonymous_3)","decl":{"start":{"line":17,"column":32},"end":{"line":17,"column":33}},"loc":{"start":{"line":17,"column":44},"end":{"line":33,"column":5}},"line":17},"4":{"name":"(anonymous_4)","decl":{"start":{"line":19,"column":17},"end":{"line":19,"column":18}},"loc":{"start":{"line":19,"column":29},"end":{"line":26,"column":7}},"line":19},"5":{"name":"(anonymous_5)","decl":{"start":{"line":23,"column":16},"end":{"line":23,"column":17}},"loc":{"start":{"line":23,"column":32},"end":{"line":25,"column":9}},"line":23},"6":{"name":"(anonymous_6)","decl":{"start":{"line":27,"column":52},"end":{"line":27,"column":53}},"loc":{"start":{"line":27,"column":64},"end":{"line":29,"column":7}},"line":27},"7":{"name":"(anonymous_7)","decl":{"start":{"line":30,"column":55},"end":{"line":30,"column":56}},"loc":{"start":{"line":30,"column":67},"end":{"line":32,"column":7}},"line":30}},"branchMap":{},"s":{"0":1,"1":1,"2":1,"3":1,"4":1,"5":1,"6":2,"7":1,"8":1,"9":1,"10":2,"11":2,"12":1,"13":1,"14":1,"15":1},"f":{"0":1,"1":2,"2":1,"3":1,"4":2,"5":2,"6":1,"7":1},"b":{},"_coverageSchema":"332fd63041d2c1bcb487cc26dd0d5f7d97098a6c","hash":"433115a59bc02ff57a9896e921c67b391d54230a","contentHash":"8e2333be27ca2b0cfccab1e1632dc8c3_11.7.1"},"/home/fma1/FullstackAcademy/silikon-road/client/components/home.spec.js":{"path":"/home/fma1/FullstackAcademy/silikon-road/client/components/home.spec.js","statementMap":{"0":{"start":{"line":3,"column":12},"end":{"line":3,"column":27}},"1":{"start":{"line":5,"column":13},"end":{"line":5,"column":53}},"2":{"start":{"line":7,"column":14},"end":{"line":7,"column":56}},"3":{"start":{"line":9,"column":26},"end":{"line":9,"column":84}},"4":{"start":{"line":11,"column":19},"end":{"line":11,"column":42}},"5":{"start":{"line":13,"column":12},"end":{"line":13,"column":29}},"6":{"start":{"line":15,"column":40},"end":{"line":15,"column":470}},"7":{"start":{"line":15,"column":69},"end":{"line":15,"column":80}},"8":{"start":{"line":15,"column":103},"end":{"line":15,"column":105}},"9":{"start":{"line":15,"column":107},"end":{"line":15,"column":431}},"10":{"start":{"line":15,"column":126},"end":{"line":15,"column":429}},"11":{"start":{"line":15,"column":149},"end":{"line":15,"column":427}},"12":{"start":{"line":15,"column":214},"end":{"line":15,"column":319}},"13":{"start":{"line":15,"column":321},"end":{"line":15,"column":425}},"14":{"start":{"line":15,"column":349},"end":{"line":15,"column":390}},"15":{"start":{"line":15,"column":400},"end":{"line":15,"column":423}},"16":{"start":{"line":15,"column":432},"end":{"line":15,"column":453}},"17":{"start":{"line":15,"column":454},"end":{"line":15,"column":468}},"18":{"start":{"line":17,"column":39},"end":{"line":17,"column":93}},"19":{"start":{"line":22,"column":14},"end":{"line":22,"column":47}},"20":{"start":{"line":24,"column":0},"end":{"line":26,"column":3}},"21":{"start":{"line":28,"column":0},"end":{"line":61,"column":3}},"22":{"start":{"line":30,"column":2},"end":{"line":56,"column":5}},"23":{"start":{"line":31,"column":19},"end":{"line":51,"column":6}},"24":{"start":{"line":52,"column":4},"end":{"line":55,"column":9}},"25":{"start":{"line":57,"column":2},"end":{"line":60,"column":5}},"26":{"start":{"line":58,"column":4},"end":{"line":58,"column":70}},"27":{"start":{"line":59,"column":4},"end":{"line":59,"column":74}}},"fnMap":{"0":{"name":"_interopRequireWildcard","decl":{"start":{"line":15,"column":9},"end":{"line":15,"column":32}},"loc":{"start":{"line":15,"column":38},"end":{"line":15,"column":472}},"line":15},"1":{"name":"_interopRequireDefault","decl":{"start":{"line":17,"column":9},"end":{"line":17,"column":31}},"loc":{"start":{"line":17,"column":37},"end":{"line":17,"column":95}},"line":17},"2":{"name":"(anonymous_2)","decl":{"start":{"line":28,"column":17},"end":{"line":28,"column":18}},"loc":{"start":{"line":28,"column":29},"end":{"line":61,"column":1}},"line":28},"3":{"name":"(anonymous_3)","decl":{"start":{"line":30,"column":13},"end":{"line":30,"column":14}},"loc":{"start":{"line":30,"column":25},"end":{"line":56,"column":3}},"line":30},"4":{"name":"(anonymous_4)","decl":{"start":{"line":57,"column":33},"end":{"line":57,"column":34}},"loc":{"start":{"line":57,"column":45},"end":{"line":60,"column":3}},"line":57}},"branchMap":{"0":{"loc":{"start":{"line":15,"column":40},"end":{"line":15,"column":470}},"type":"if","locations":[{"start":{"line":15,"column":40},"end":{"line":15,"column":470}},{"start":{"line":15,"column":40},"end":{"line":15,"column":470}}],"line":15},"1":{"loc":{"start":{"line":15,"column":44},"end":{"line":15,"column":65}},"type":"binary-expr","locations":[{"start":{"line":15,"column":44},"end":{"line":15,"column":47}},{"start":{"line":15,"column":51},"end":{"line":15,"column":65}}],"line":15},"2":{"loc":{"start":{"line":15,"column":107},"end":{"line":15,"column":431}},"type":"if","locations":[{"start":{"line":15,"column":107},"end":{"line":15,"column":431}},{"start":{"line":15,"column":107},"end":{"line":15,"column":431}}],"line":15},"3":{"loc":{"start":{"line":15,"column":149},"end":{"line":15,"column":427}},"type":"if","locations":[{"start":{"line":15,"column":149},"end":{"line":15,"column":427}},{"start":{"line":15,"column":149},"end":{"line":15,"column":427}}],"line":15},"4":{"loc":{"start":{"line":15,"column":214},"end":{"line":15,"column":319}},"type":"cond-expr","locations":[{"start":{"line":15,"column":273},"end":{"line":15,"column":314}},{"start":{"line":15,"column":317},"end":{"line":15,"column":319}}],"line":15},"5":{"loc":{"start":{"line":15,"column":214},"end":{"line":15,"column":270}},"type":"binary-expr","locations":[{"start":{"line":15,"column":214},"end":{"line":15,"column":235}},{"start":{"line":15,"column":239},"end":{"line":15,"column":270}}],"line":15},"6":{"loc":{"start":{"line":15,"column":321},"end":{"line":15,"column":425}},"type":"if","locations":[{"start":{"line":15,"column":321},"end":{"line":15,"column":425}},{"start":{"line":15,"column":321},"end":{"line":15,"column":425}}],"line":15},"7":{"loc":{"start":{"line":15,"column":325},"end":{"line":15,"column":345}},"type":"binary-expr","locations":[{"start":{"line":15,"column":325},"end":{"line":15,"column":333}},{"start":{"line":15,"column":337},"end":{"line":15,"column":345}}],"line":15},"8":{"loc":{"start":{"line":17,"column":46},"end":{"line":17,"column":92}},"type":"cond-expr","locations":[{"start":{"line":17,"column":70},"end":{"line":17,"column":73}},{"start":{"line":17,"column":76},"end":{"line":17,"column":92}}],"line":17},"9":{"loc":{"start":{"line":17,"column":46},"end":{"line":17,"column":67}},"type":"binary-expr","locations":[{"start":{"line":17,"column":46},"end":{"line":17,"column":49}},{"start":{"line":17,"column":53},"end":{"line":17,"column":67}}],"line":17}},"s":{"0":1,"1":1,"2":1,"3":1,"4":1,"5":1,"6":1,"7":0,"8":1,"9":1,"10":1,"11":7,"12":7,"13":7,"14":0,"15":7,"16":1,"17":1,"18":2,"19":1,"20":1,"21":1,"22":1,"23":1,"24":1,"25":1,"26":1,"27":1},"f":{"0":1,"1":2,"2":1,"3":1,"4":1},"b":{"0":[0,1],"1":[1,1],"2":[1,0],"3":[7,0],"4":[7,0],"5":[7,7],"6":[0,7],"7":[7,7],"8":[0,2],"9":[2,2]},"_coverageSchema":"332fd63041d2c1bcb487cc26dd0d5f7d97098a6c","hash":"1d267d8f6c45567715ef5aaa8c69c7f5886a72db","contentHash":"f7224bb42e502d83384c00da1dee60f2_11.7.1"},"/home/fma1/FullstackAcademy/silikon-road/client/components/home.js":{"path":"/home/fma1/FullstackAcademy/silikon-road/client/components/home.js","statementMap":{"0":{"start":{"line":3,"column":0},"end":{"line":5,"column":3}},"1":{"start":{"line":6,"column":0},"end":{"line":6,"column":40}},"2":{"start":{"line":8,"column":13},"end":{"line":8,"column":53}},"3":{"start":{"line":10,"column":17},"end":{"line":10,"column":62}},"4":{"start":{"line":12,"column":18},"end":{"line":12,"column":40}},"5":{"start":{"line":14,"column":19},"end":{"line":14,"column":44}},"6":{"start":{"line":16,"column":39},"end":{"line":16,"column":93}},"7":{"start":{"line":21,"column":11},"end":{"line":37,"column":1}},"8":{"start":{"line":22,"column":20},"end":{"line":22,"column":36}},"9":{"start":{"line":23,"column":21},"end":{"line":23,"column":38}},"10":{"start":{"line":24,"column":2},"end":{"line":36,"column":7}},"11":{"start":{"line":43,"column":0},"end":{"line":43,"column":20}},"12":{"start":{"line":45,"column":22},"end":{"line":54,"column":1}},"13":{"start":{"line":46,"column":2},"end":{"line":53,"column":4}},"14":{"start":{"line":48,"column":6},"end":{"line":48,"column":42}},"15":{"start":{"line":51,"column":6},"end":{"line":51,"column":43}},"16":{"start":{"line":56,"column":15},"end":{"line":56,"column":62}},"17":{"start":{"line":62,"column":0},"end":{"line":62,"column":27}},"18":{"start":{"line":63,"column":0},"end":{"line":66,"column":2}}},"fnMap":{"0":{"name":"_interopRequireDefault","decl":{"start":{"line":16,"column":9},"end":{"line":16,"column":31}},"loc":{"start":{"line":16,"column":37},"end":{"line":16,"column":95}},"line":16},"1":{"name":"Home","decl":{"start":{"line":21,"column":20},"end":{"line":21,"column":24}},"loc":{"start":{"line":21,"column":31},"end":{"line":37,"column":1}},"line":21},"2":{"name":"mapStateToProps","decl":{"start":{"line":45,"column":31},"end":{"line":45,"column":46}},"loc":{"start":{"line":45,"column":54},"end":{"line":54,"column":1}},"line":45},"3":{"name":"(anonymous_3)","decl":{"start":{"line":47,"column":39},"end":{"line":47,"column":40}},"loc":{"start":{"line":47,"column":58},"end":{"line":49,"column":5}},"line":47},"4":{"name":"(anonymous_4)","decl":{"start":{"line":50,"column":40},"end":{"line":50,"column":41}},"loc":{"start":{"line":50,"column":59},"end":{"line":52,"column":5}},"line":50}},"branchMap":{"0":{"loc":{"start":{"line":16,"column":46},"end":{"line":16,"column":92}},"type":"cond-expr","locations":[{"start":{"line":16,"column":70},"end":{"line":16,"column":73}},{"start":{"line":16,"column":76},"end":{"line":16,"column":92}}],"line":16},"1":{"loc":{"start":{"line":16,"column":46},"end":{"line":16,"column":67}},"type":"binary-expr","locations":[{"start":{"line":16,"column":46},"end":{"line":16,"column":49}},{"start":{"line":16,"column":53},"end":{"line":16,"column":67}}],"line":16}},"s":{"0":1,"1":1,"2":1,"3":1,"4":1,"5":1,"6":2,"7":1,"8":1,"9":1,"10":1,"11":1,"12":1,"13":0,"14":0,"15":0,"16":1,"17":1,"18":1},"f":{"0":2,"1":1,"2":0,"3":0,"4":0},"b":{"0":[0,2],"1":[2,2]},"_coverageSchema":"332fd63041d2c1bcb487cc26dd0d5f7d97098a6c","hash":"73e4fc36bc714d66f2c54d7669e1e81f38eb1616","contentHash":"4a0e997101a8db8ce94f190cf568305f_11.7.1"},"/home/fma1/FullstackAcademy/silikon-road/client/components/product-list.js":{"path":"/home/fma1/FullstackAcademy/silikon-road/client/components/product-list.js","statementMap":{"0":{"start":{"line":3,"column":0},"end":{"line":5,"column":3}},"1":{"start":{"line":6,"column":0},"end":{"line":6,"column":47}},"2":{"start":{"line":8,"column":13},"end":{"line":8,"column":53}},"3":{"start":{"line":10,"column":17},"end":{"line":10,"column":62}},"4":{"start":{"line":12,"column":18},"end":{"line":12,"column":40}},"5":{"start":{"line":14,"column":23},"end":{"line":14,"column":77}},"6":{"start":{"line":16,"column":39},"end":{"line":16,"column":93}},"7":{"start":{"line":18,"column":18},"end":{"line":27,"column":1}},"8":{"start":{"line":19,"column":2},"end":{"line":26,"column":6}},"9":{"start":{"line":22,"column":4},"end":{"line":25,"column":7}},"10":{"start":{"line":29,"column":0},"end":{"line":29,"column":34}},"11":{"start":{"line":31,"column":22},"end":{"line":35,"column":1}},"12":{"start":{"line":32,"column":2},"end":{"line":34,"column":4}},"13":{"start":{"line":37,"column":15},"end":{"line":37,"column":69}},"14":{"start":{"line":43,"column":0},"end":{"line":43,"column":27}},"15":{"start":{"line":44,"column":0},"end":{"line":46,"column":2}},"16":{"start":{"line":47,"column":0},"end":{"line":49,"column":2}}},"fnMap":{"0":{"name":"_interopRequireDefault","decl":{"start":{"line":16,"column":9},"end":{"line":16,"column":31}},"loc":{"start":{"line":16,"column":37},"end":{"line":16,"column":95}},"line":16},"1":{"name":"ProductList","decl":{"start":{"line":18,"column":27},"end":{"line":18,"column":38}},"loc":{"start":{"line":18,"column":46},"end":{"line":27,"column":1}},"line":18},"2":{"name":"(anonymous_2)","decl":{"start":{"line":21,"column":24},"end":{"line":21,"column":25}},"loc":{"start":{"line":21,"column":43},"end":{"line":26,"column":3}},"line":21},"3":{"name":"mapStateToProps","decl":{"start":{"line":31,"column":31},"end":{"line":31,"column":46}},"loc":{"start":{"line":31,"column":54},"end":{"line":35,"column":1}},"line":31}},"branchMap":{"0":{"loc":{"start":{"line":16,"column":46},"end":{"line":16,"column":92}},"type":"cond-expr","locations":[{"start":{"line":16,"column":70},"end":{"line":16,"column":73}},{"start":{"line":16,"column":76},"end":{"line":16,"column":92}}],"line":16},"1":{"loc":{"start":{"line":16,"column":46},"end":{"line":16,"column":67}},"type":"binary-expr","locations":[{"start":{"line":16,"column":46},"end":{"line":16,"column":49}},{"start":{"line":16,"column":53},"end":{"line":16,"column":67}}],"line":16}},"s":{"0":1,"1":1,"2":1,"3":1,"4":1,"5":1,"6":3,"7":1,"8":2,"9":8,"10":1,"11":1,"12":0,"13":1,"14":1,"15":1,"16":1},"f":{"0":3,"1":2,"2":8,"3":0},"b":{"0":[1,2],"1":[3,3]},"_coverageSchema":"332fd63041d2c1bcb487cc26dd0d5f7d97098a6c","hash":"5000c5a418ee6f2283ef8038427124a8d850c007","contentHash":"9d78123406bf881b593ab627cbe97931_11.7.1"},"/home/fma1/FullstackAcademy/silikon-road/client/components/product-list-item.js":{"path":"/home/fma1/FullstackAcademy/silikon-road/client/components/product-list-item.js","statementMap":{"0":{"start":{"line":3,"column":0},"end":{"line":5,"column":3}},"1":{"start":{"line":6,"column":0},"end":{"line":6,"column":25}},"2":{"start":{"line":8,"column":13},"end":{"line":8,"column":53}},"3":{"start":{"line":10,"column":22},"end":{"line":10,"column":49}},"4":{"start":{"line":12,"column":17},"end":{"line":12,"column":62}},"5":{"start":{"line":14,"column":39},"end":{"line":14,"column":93}},"6":{"start":{"line":16,"column":22},"end":{"line":27,"column":1}},"7":{"start":{"line":17,"column":16},"end":{"line":17,"column":28}},"8":{"start":{"line":18,"column":2},"end":{"line":26,"column":86}},"9":{"start":{"line":29,"column":15},"end":{"line":29,"column":30}},"10":{"start":{"line":34,"column":0},"end":{"line":34,"column":27}},"11":{"start":{"line":35,"column":0},"end":{"line":37,"column":2}},"12":{"start":{"line":38,"column":0},"end":{"line":45,"column":2}}},"fnMap":{"0":{"name":"_interopRequireDefault","decl":{"start":{"line":14,"column":9},"end":{"line":14,"column":31}},"loc":{"start":{"line":14,"column":37},"end":{"line":14,"column":95}},"line":14},"1":{"name":"ProductListItem","decl":{"start":{"line":16,"column":31},"end":{"line":16,"column":46}},"loc":{"start":{"line":16,"column":53},"end":{"line":27,"column":1}},"line":16}},"branchMap":{"0":{"loc":{"start":{"line":14,"column":46},"end":{"line":14,"column":92}},"type":"cond-expr","locations":[{"start":{"line":14,"column":70},"end":{"line":14,"column":73}},{"start":{"line":14,"column":76},"end":{"line":14,"column":92}}],"line":14},"1":{"loc":{"start":{"line":14,"column":46},"end":{"line":14,"column":67}},"type":"binary-expr","locations":[{"start":{"line":14,"column":
[...]
"line":13},"1":{"loc":{"start":{"line":13,"column":46},"end":{"line":13,"column":67}},"type":"binary-expr","locations":[{"start":{"line":13,"column":46},"end":{"line":13,"column":49}},{"start":{"line":13,"column":53},"end":{"line":13,"column":67}}],"line":13},"2":{"loc":{"start":{"line":65,"column":14},"end":{"line":65,"column":94}},"type":"cond-expr","locations":[{"start":{"line":65,"column":67},"end":{"line":65,"column":79}},{"start":{"line":65,"column":82},"end":{"line":65,"column":94}}],"line":65},"3":{"loc":{"start":{"line":65,"column":14},"end":{"line":65,"column":64}},"type":"binary-expr","locations":[{"start":{"line":65,"column":14},"end":{"line":65,"column":34}},{"start":{"line":65,"column":38},"end":{"line":65,"column":64}}],"line":65},"4":{"loc":{"start":{"line":66,"column":15},"end":{"line":66,"column":62}},"type":"cond-expr","locations":[{"start":{"line":66,"column":38},"end":{"line":66,"column":50}},{"start":{"line":66,"column":53},"end":{"line":66,"column":62}}],"line":66},"5":{"loc":{"start":{"line":68,"column":2},"end":{"line":74,"column":3}},"type":"switch","locations":[{"start":{"line":69,"column":4},"end":{"line":70,"column":28}},{"start":{"line":72,"column":4},"end":{"line":73,"column":19}}],"line":68}},"s":{"0":1,"1":1,"2":1,"3":1,"4":1,"5":1,"6":1,"7":1,"8":1,"9":0,"10":1,"11":1,"12":0,"13":0,"14":0,"15":0,"16":0,"17":1,"18":3,"19":3,"20":3,"21":0,"22":3},"f":{"0":1,"1":0,"2":0,"3":0,"4":0,"5":0,"6":0,"7":3},"b":{"0":[0,1],"1":[1,1],"2":[0,3],"3":[3,3],"4":[3,0],"5":[0,3]},"_coverageSchema":"332fd63041d2c1bcb487cc26dd0d5f7d97098a6c","hash":"287e8b9dd9148d5c03a948189e3fa5d586074491","contentHash":"deacaf8323a9407af8dad8dcd13d5469_11.7.1"},"/home/fma1/FullstackAcademy/silikon-road/client/store/order.js":{"path":"/home/fma1/FullstackAcademy/silikon-road/client/store/order.js","statementMap":{"0":{"start":{"line":3,"column":0},"end":{"line":5,"column":3}},"1":{"start":{"line":6,"column":0},"end":{"line":6,"column":27}},"2":{"start":{"line":7,"column":0},"end":{"line":7,"column":54}},"3":{"start":{"line":9,"column":13},"end":{"line":9,"column":53}},"4":{"start":{"line":11,"column":39},"end":{"line":11,"column":93}},"5":{"start":{"line":16,"column":17},"end":{"line":16,"column":29}},"6":{"start":{"line":21,"column":19},"end":{"line":21,"column":21}},"7":{"start":{"line":26,"column":16},"end":{"line":31,"column":1}},"8":{"start":{"line":27,"column":2},"end":{"line":30,"column":4}},"9":{"start":{"line":37,"column":0},"end":{"line":37,"column":30}},"10":{"start":{"line":39,"column":23},"end":{"line":51,"column":1}},"11":{"start":{"line":40,"column":2},"end":{"line":50,"column":4}},"12":{"start":{"line":41,"column":4},"end":{"line":49,"column":7}},"13":{"start":{"line":46,"column":6},"end":{"line":46,"column":43}},"14":{"start":{"line":48,"column":6},"end":{"line":48,"column":32}},"15":{"start":{"line":57,"column":0},"end":{"line":57,"column":44}},"16":{"start":{"line":60,"column":14},"end":{"line":60,"column":94}},"17":{"start":{"line":61,"column":15},"end":{"line":61,"column":62}},"18":{"start":{"line":63,"column":2},"end":{"line":69,"column":3}},"19":{"start":{"line":65,"column":6},"end":{"line":65,"column":26}},"20":{"start":{"line":68,"column":6},"end":{"line":68,"column":19}}},"fnMap":{"0":{"name":"_interopRequireDefault","decl":{"start":{"line":11,"column":9},"end":{"line":11,"column":31}},"loc":{"start":{"line":11,"column":37},"end":{"line":11,"column":95}},"line":11},"1":{"name":"postOrder","decl":{"start":{"line":26,"column":25},"end":{"line":26,"column":34}},"loc":{"start":{"line":26,"column":42},"end":{"line":31,"column":1}},"line":26},"2":{"name":"postOrderThunker","decl":{"start":{"line":39,"column":32},"end":{"line":39,"column":48}},"loc":{"start":{"line":39,"column":76},"end":{"line":51,"column":1}},"line":39},"3":{"name":"(anonymous_3)","decl":{"start":{"line":40,"column":9},"end":{"line":40,"column":10}},"loc":{"start":{"line":40,"column":29},"end":{"line":50,"column":3}},"line":40},"4":{"name":"(anonymous_4)","decl":{"start":{"line":45,"column":12},"end":{"line":45,"column":13}},"loc":{"start":{"line":45,"column":27},"end":{"line":47,"column":5}},"line":45},"5":{"name":"(anonymous_5)","decl":{"start":{"line":47,"column":13},"end":{"line":47,"column":14}},"loc":{"start":{"line":47,"column":28},"end":{"line":49,"column":5}},"line":47},"6":{"name":"_default","decl":{"start":{"line":59,"column":9},"end":{"line":59,"column":17}},"loc":{"start":{"line":59,"column":20},"end":{"line":70,"column":1}},"line":59}},"branchMap":{"0":{"loc":{"start":{"line":11,"column":46},"end":{"line":11,"column":92}},"type":"cond-expr","locations":[{"start":{"line":11,"column":70},"end":{"line":11,"column":73}},{"start":{"line":11,"column":76},"end":{"line":11,"column":92}}],"line":11},"1":{"loc":{"start":{"line":11,"column":46},"end":{"line":11,"column":67}},"type":"binary-expr","locations":[{"start":{"line":11,"column":46},"end":{"line":11,"column":49}},{"start":{"line":11,"column":53},"end":{"line":11,"column":67}}],"line":11},"2":{"loc":{"start":{"line":60,"column":14},"end":{"line":60,"column":94}},"type":"cond-expr","locations":[{"start":{"line":60,"column":67},"end":{"line":60,"column":79}},{"start":{"line":60,"column":82},"end":{"line":60,"column":94}}],"line":60},"3":{"loc":{"start":{"line":60,"column":14},"end":{"line":60,"column":64}},"type":"binary-expr","locations":[{"start":{"line":60,"column":14},"end":{"line":60,"column":34}},{"start":{"line":60,"column":38},"end":{"line":60,"column":64}}],"line":60},"4":{"loc":{"start":{"line":61,"column":15},"end":{"line":61,"column":62}},"type":"cond-expr","locations":[{"start":{"line":61,"column":38},"end":{"line":61,"column":50}},{"start":{"line":61,"column":53},"end":{"line":61,"column":62}}],"line":61},"5":{"loc":{"start":{"line":63,"column":2},"end":{"line":69,"column":3}},"type":"switch","locations":[{"start":{"line":64,"column":4},"end":{"line":65,"column":26}},{"start":{"line":67,"column":4},"end":{"line":68,"column":19}}],"line":63}},"s":{"0":1,"1":1,"2":1,"3":1,"4":1,"5":1,"6":1,"7":1,"8":0,"9":1,"10":1,"11":0,"12":0,"13":0,"14":0,"15":1,"16":3,"17":3,"18":3,"19":0,"20":3},"f":{"0":1,"1":0,"2":0,"3":0,"4":0,"5":0,"6":3},"b":{"0":[0,1],"1":[1,1],"2":[0,3],"3":[3,3],"4":[3,0],"5":[0,3]},"_coverageSchema":"332fd63041d2c1bcb487cc26dd0d5f7d97098a6c","hash":"e24674606c6ed6cb8e7c2cd53a8a59d1cce8ed15","contentHash":"bd333c15cc1796e108b0c623e098a7ef_11.7.1"},"/home/fma1/FullstackAcademy/silikon-road/client/components/user-home.spec.js":{"path":"/home/fma1/FullstackAcademy/silikon-road/client/components/user-home.spec.js","statementMap":{"0":{"start":{"line":3,"column":12},"end":{"line":3,"column":27}},"1":{"start":{"line":5,"column":13},"end":{"line":5,"column":53}},"2":{"start":{"line":7,"column":14},"end":{"line":7,"column":56}},"3":{"start":{"line":9,"column":26},"end":{"line":9,"column":84}},"4":{"start":{"line":11,"column":16},"end":{"line":11,"column":38}},"5":{"start":{"line":13,"column":40},"end":{"line":13,"column":470}},"6":{"start":{"line":13,"column":69},"end":{"line":13,"column":80}},"7":{"start":{"line":13,"column":103},"end":{"line":13,"column":105}},"8":{"start":{"line":13,"column":107},"end":{"line":13,"column":431}},"9":{"start":{"line":13,"column":126},"end":{"line":13,"column":429}},"10":{"start":{"line":13,"column":149},"end":{"line":13,"column":427}},"11":{"start":{"line":13,"column":214},"end":{"line":13,"column":319}},"12":{"start":{"line":13,"column":321},"end":{"line":13,"column":425}},"13":{"start":{"line":13,"column":349},"end":{"line":13,"column":390}},"14":{"start":{"line":13,"column":400},"end":{"line":13,"column":423}},"15":{"start":{"line":13,"column":432},"end":{"line":13,"column":453}},"16":{"start":{"line":13,"column":454},"end":{"line":13,"column":468}},"17":{"start":{"line":15,"column":39},"end":{"line":15,"column":93}},"18":{"start":{"line":18,"column":14},"end":{"line":18,"column":47}},"19":{"start":{"line":20,"column":0},"end":{"line":22,"column":3}},"20":{"start":{"line":24,"column":0},"end":{"line":34,"column":3}},"21":{"start":{"line":26,"column":2},"end":{"line":30,"column":5}},"22":{"start":{"line":27,"column":4},"end":{"line":29,"column":8}},"23":{"start":{"line":31,"column":2},"end":{"line":33,"column":5}},"24":{"start":{"line":32,"column":4},"end":{"line":32,"column":89}}},"fnMap":{"0":{"name":"_interopRequireWildcard","decl":{"start":{"line":13,"column":9},"end":{"line":13,"column":32}},"loc":{"start":{"line":13,"column":38},"end":{"line":13,"column":472}},"line":13},"1":{"name":"_interopRequireDefault","decl":{"start":{"line":15,"column":9},"end":{"line":15,"column":31}},"loc":{"start":{"line":15,"column":37},"end":{"line":15,"column":95}},"line":15},"2":{"name":"(anonymous_2)","decl":{"start":{"line":24,"column":21},"end":{"line":24,"column":22}},"loc":{"start":{"line":24,"column":33},"end":{"line":34,"column":1}},"line":24},"3":{"name":"(anonymous_3)","decl":{"start":{"line":26,"column":13},"end":{"line":26,"column":14}},"loc":{"start":{"line":26,"column":25},"end":{"line":30,"column":3}},"line":26},"4":{"name":"(anonymous_4)","decl":{"start":{"line":31,"column":35},"end":{"line":31,"column":36}},"loc":{"start":{"line":31,"column":47},"end":{"line":33,"column":3}},"line":31}},"branchMap":{"0":{"loc":{"start":{"line":13,"column":40},"end":{"line":13,"column":470}},"type":"if","locations":[{"start":{"line":13,"column":40},"end":{"line":13,"column":470}},{"start":{"line":13,"column":40},"end":{"line":13,"column":470}}],"line":13},"1":{"loc":{"start":{"line":13,"column":44},"end":{"line":13,"column":65}},"type":"binary-expr","locations":[{"start":{"line":13,"column":44},"end":{"line":13,"column":47}},{"start":{"line":13,"column":51},"end":{"line":13,"column":65}}],"line":13},"2":{"loc":{"start":{"line":13,"column":107},"end":{"line":13,"column":431}},"type":"if","locations":[{"start":{"line":13,"column":107},"end":{"line":13,"column":431}},{"start":{"line":13,"column":107},"end":{"line":13,"column":431}}],"line":13},"3":{"loc":{"start":{"line":13,"column":149},"end":{"line":13,"column":427}},"type":"if","locations":[{"start":{"line":13,"column":149},"end":{"line":13,"column":427}},{"start":{"line":13,"column":149},"end":{"line":13,"column":427}}],"line":13},"4":{"loc":{"start":{"line":13,"column":214},"end":{"line":13,"column":319}},"type":"cond-expr","locations":[{"start":{"line":13,"column":273},"end":{"line":13,"column":314}},{"start":{"line":13,"column":317},"end":{"line":13,"column":319}}],"line":13},"5":{"loc":{"start":{"line":13,"column":214},"end":{"line":13,"column":270}},"type":"binary-expr","locations":[{"start":{"line":13,"column":214},"end":{"line":13,"column":235}},{"start":{"line":13,"column":239},"end":{"line":13,"column":270}}],"line":13},"6":{"loc":{"start":{"line":13,"column":321},"end":{"line":13,"column":425}},"type":"if","locations":[{"start":{"line":13,"column":321},"end":{"line":13,"column":425}},{"start":{"line":13,"column":321},"end":{"line":13,"column":425}}],"line":13},"7":{"loc":{"start":{"line":13,"column":325},"end":{"line":13,"column":345}},"type":"binary-expr","locations":[{"start":{"line":13,"column":325},"end":{"line":13,"column":333}},{"start":{"line":13,"column":337},"end":{"line":13,"column":345}}],"line":13},"8":{"loc":{"start":{"line":15,"column":46},"end":{"line":15,"column":92}},"type":"cond-expr","locations":[{"start":{"line":15,"column":70},"end":{"line":15,"column":73}},{"start":{"line":15,"column":76},"end":{"line":15,"column":92}}],"line":15},"9":{"loc":{"start":{"line":15,"column":46},"end":{"line":15,"column":67}},"type":"binary-expr","locations":[{"start":{"line":15,"column":46},"end":{"line":15,"column":49}},{"start":{"line":15,"column":53},"end":{"line":15,"column":67}}],"line":15}},"s":{"0":1,"1":1,"2":1,"3":1,"4":1,"5":1,"6":0,"7":1,"8":1,"9":1,"10":7,"11":7,"12":7,"13":0,"14":7,"15":1,"16":1,"17":2,"18":1,"19":1,"20":1,"21":1,"22":1,"23":1,"24":1},"f":{"0":1,"1":2,"2":1,"3":1,"4":1},"b":{"0":[0,1],"1":[1,1],"2":[1,0],"3":[7,0],"4":[7,0],"5":[7,7],"6":[0,7],"7":[7,7],"8":[0,2],"9":[2,2]},"_coverageSchema":"332fd63041d2c1bcb487cc26dd0d5f7d97098a6c","hash":"e14fff36f20e8a73aa2e727fc78037346c907a9f","contentHash":"9590dce47b4859c56e5baf7d541a8bb5_11.7.1"},"/home/fma1/FullstackAcademy/silikon-road/client/components/user-home.js":{"path":"/home/fma1/FullstackAcademy/silikon-road/client/components/user-home.js","statementMap":{"0":{"start":{"line":3,"column":0},"end":{"line":5,"column":3}},"1":{"start":{"line":6,"column":0},"end":{"line":6,"column":44}},"2":{"start":{"line":8,"column":13},"end":{"line":8,"column":53}},"3":{"start":{"line":10,"column":17},"end":{"line":10,"column":62}},"4":{"start":{"line":12,"column":18},"end":{"line":12,"column":40}},"5":{"start":{"line":14,"column":39},"end":{"line":14,"column":93}},"6":{"start":{"line":19,"column":15},"end":{"line":22,"column":1}},"7":{"start":{"line":20,"column":14},"end":{"line":20,"column":24}},"8":{"start":{"line":21,"column":2},"end":{"line":21,"column":113}},"9":{"start":{"line":28,"column":0},"end":{"line":28,"column":28}},"10":{"start":{"line":30,"column":15},"end":{"line":34,"column":1}},"11":{"start":{"line":31,"column":2},"end":{"line":33,"column":4}},"12":{"start":{"line":36,"column":15},"end":{"line":36,"column":59}},"13":{"start":{"line":42,"column":0},"end":{"line":42,"column":27}},"14":{"start":{"line":43,"column":0},"end":{"line":45,"column":2}}},"fnMap":{"0":{"name":"_interopRequireDefault","decl":{"start":{"line":14,"column":9},"end":{"line":14,"column":31}},"loc":{"start":{"line":14,"column":37},"end":{"line":14,"column":95}},"line":14},"1":{"name":"UserHome","decl":{"start":{"line":19,"column":24},"end":{"line":19,"column":32}},"loc":{"start":{"line":19,"column":39},"end":{"line":22,"column":1}},"line":19},"2":{"name":"mapState","decl":{"start":{"line":30,"column":24},"end":{"line":30,"column":32}},"loc":{"start":{"line":30,"column":40},"end":{"line":34,"column":1}},"line":30}},"branchMap":{"0":{"loc":{"start":{"line":14,"column":46},"end":{"line":14,"column":92}},"type":"cond-expr","locations":[{"start":{"line":14,"column":70},"end":{"line":14,"column":73}},{"start":{"line":14,"column":76},"end":{"line":14,"column":92}}],"line":14},"1":{"loc":{"start":{"line":14,"column":46},"end":{"line":14,"column":67}},"type":"binary-expr","locations":[{"start":{"line":14,"column":46},"end":{"line":14,"column":49}},{"start":{"line":14,"column":53},"end":{"line":14,"column":67}}],"line":14}},"s":{"0":1,"1":1,"2":1,"3":1,"4":1,"5":2,"6":1,"7":1,"8":1,"9":1,"10":1,"11":0,"12":1,"13":1,"14":1},"f":{"0":2,"1":1,"2":0},"b":{"0":[0,2],"1":[2,2]},"_coverageSchema":"332fd63041d2c1bcb487cc26dd0d5f7d97098a6c","hash":"575d5d1b85f111ca58d5d178fa3ca287ccfa7ac6","contentHash":"e9ecb9cb4557c0f7dc9cdf40903c953d_11.7.1"},"/home/fma1/FullstackAcademy/silikon-road/client/store/user.spec.js":{"path":"/home/fma1/FullstackAcademy/silikon-road/client/store/user.spec.js","statementMap":{"0":{"start":{"line":3,"column":12},"end":{"line":3,"column":27}},"1":{"start":{"line":5,"column":13},"end":{"line":5,"column":53}},"2":{"start":{"line":7,"column":24},"end":{"line":7,"column":77}},"3":{"start":{"line":9,"column":22},"end":{"line":9,"column":73}},"4":{"start":{"line":11,"column":18},"end":{"line":11,"column":64}},"5":{"start":{"line":13,"column":12},"end":{"line":13,"column":29}},"6":{"start":{"line":15,"column":15},"end":{"line":15,"column":60}},"7":{"start":{"line":17,"column":39},"end":{"line":17,"column":93}},"8":{"start":{"line":20,"column":18},"end":{"line":20,"column":39}},"9":{"start":{"line":21,"column":16},"end":{"line":21,"column":57}},"10":{"start":{"line":22,"column":0},"end":{"line":59,"column":3}},"11":{"start":{"line":25,"column":21},"end":{"line":27,"column":3}},"12":{"start":{"line":28,"column":2},"end":{"line":31,"column":5}},"13":{"start":{"line":29,"column":4},"end":{"line":29,"column":62}},"14":{"start":{"line":30,"column":4},"end":{"line":30,"column":36}},"15":{"start":{"line":32,"column":2},"end":{"line":35,"column":5}},"16":{"start":{"line":33,"column":4},"end":{"line":33,"column":24}},"17":{"start":{"line":34,"column":4},"end":{"line":34,"column":25}},"18":{"start":{"line":36,"column":2},"end":{"line":48,"column":5}},"19":{"start":{"line":37,"column":4},"end":{"line":47,"column":7}},"20":{"start":{"line":38,"column":21},"end":{"line":40,"column":7}},"21":{"start":{"line":41,"column":6},"end":{"line":41,"column":59}},"22":{"start":{"line":42,"column":6},"end":{"line":46,"column":9}},"23":{"start":{"line":43,"column":22},"end":{"line":43,"column":40}},"24":{"start":{"line":44,"column":8},"end":{"line":44,"column":67}},"25":{"start":{"line":45,"column":8},"end":{"line":45,"column":70}},"26":{"start":{"line":49,"column":2},"end":{"line":58,"column":5}},"27":{"start":{"line":50,"column":4},"end":{"line":57,"column":7}},"28":{"start":{"line":51,"column":6},"end":{"line":51,"column":54}},"29":{"start":{"line":52,"column":6},"end":{"line":56,"column":9}},"30":{"start":{"line":53,"column":22},"end":{"line":53,"column":40}},"31":{"start":{"line":54,"column":8},"end":{"line":54,"column":70}},"32":{"start":{"line":55,"column":8},"end":{"line":55,"column":84}}},"fnMap":{"0":{"name":"_interopRequireDefault","decl":{"start":{"line":17,"column":9},"end":{"line":17,"column":31}},"loc":{"start":{"line":17,"column":37},"end":{"line":17,"column":95}},"line":17},"1":{"name":"(anonymous_1)","decl":{"start":{"line":22,"column":27},"end":{"line":22,"column":28}},"loc":{"start":{"line":22,"column":39},"end":{"line":59,"column":1}},"line":22},"2":{"name":"(anonymous_2)","decl":{"start":{"line":28,"column":13},"end":{"line":28,"column":14}},"loc":{"start":{"line":28,"column":25},"end":{"line":31,"column":3}},"line":28},"3":{"name":"(anonymous_3)","decl":{"start":{"line":32,"column":12},"end":{"line":32,"column":13}},"loc":{"start":{"line":32,"column":24},"end":{"line":35,"column":3}},"line":32},"4":{"name":"(anonymous_4)","decl":{"start":{"line":36,"column":17},"end":{"line":36,"column":18}},"loc":{"start":{"line":36,"column":29},"end":{"line":48,"column":3}},"line":36},"5":{"name":"(anonymous_5)","decl":{"start":{"line":37,"column":52},"end":{"line":37,"column":53}},"loc":{"start":{"line":37,"column":64},"end":{"line":47,"column":5}},"line":37},"6":{"name":"(anonymous_6)","decl":{"start":{"line":42,"column":50},"end":{"line":42,"column":51}},"loc":{"start":{"line":42,"column":62},"end":{"line":46,"column":7}},"line":42},"7":{"name":"(anonymous_7)","decl":{"start":{"line":49,"column":21},"end":{"line":49,"column":22}},"loc":{"start":{"line":49,"column":33},"end":{"line":58,"column":3}},"line":49},"8":{"name":"(anonymous_8)","decl":{"start":{"line":50,"column":63},"end":{"line":50,"column":64}},"loc":{"start":{"line":50,"column":75},"end":{"line":57,"column":5}},"line":50},"9":{"name":"(anonymous_9)","decl":{"start":{"line":52,"column":54},"end":{"line":52,"column":55}},"loc":{"start":{"line":52,"column":66},"end":{"line":56,"column":7}},"line":52}},"branchMap":{"0":{"loc":{"start":{"line":17,"column":46},"end":{"line":17,"column":92}},"type":"cond-expr","locations":[{"start":{"line":17,"column":70},"end":{"line":17,"column":73}},{"start":{"line":17,"column":76},"end":{"line":17,"column":92}}],"line":17},"1":{"loc":{"start":{"line":17,"column":46},"end":{"line":17,"column":67}},"type":"binary-expr","locations":[{"start":{"line":17,"column":46},"end":{"line":17,"column":49}},{"start":{"line":17,"column":53},"end":{"line":17,"column":67}}],"line":17}},"s":{"0":1,"1":1,"2":1,"3":1,"4":1,"5":1,"6":1,"7":5,"8":1,"9":1,"10":1,"11":1,"12":1,"13":2,"14":2,"15":1,"16":2,"17":2,"18":1,"19":1,"20":1,"21":1,"22":1,"23":1,"24":1,"25":1,"26":1,"27":1,"28":1,"29":1,"30":1,"31":1,"32":1},"f":{"0":5,"1":1,"2":2,"3":2,"4":1,"5":1,"6":1,"7":1,"8":1,"9":1},"b":{"0":[2,3],"1":[5,5]},"_coverageSchema":"332fd63041d2c1bcb487cc26dd0d5f7d97098a6c","hash":"456ee6188405e102b3a330ec2beee1565c3f6ab1","contentHash":"17bc0dea6f51d8c8f321e67836a6c6b9_11.7.1"}}